# JRE version: Java(TM) SE Runtime Environment (8.0_191-b12) (build 1.8.0_191-b12)
# Java VM: Java HotSpot(TM) 64-Bit Server VM (25.191-b12 mixed mode windows-amd64 compressed oops)
Heap:
 PSYoungGen      total 140288K, used 72693K [0x00000000eae00000, 0x00000000f4000000, 0x0000000100000000)
  eden space 131072K, 55% used [0x00000000eae00000,0x00000000ef4fd610,0x00000000f2e00000)
  from space 9216K, 0% used [0x00000000f3700000,0x00000000f3700000,0x00000000f4000000)
  to   space 9216K, 0% used [0x00000000f2e00000,0x00000000f2e00000,0x00000000f3700000)
 ParOldGen       total 38912K, used 11522K [0x00000000c0a00000, 0x00000000c3000000, 0x00000000eae00000)
  object space 38912K, 29% used [0x00000000c0a00000,0x00000000c1540ae0,0x00000000c3000000)
 Metaspace       used 26379K, capacity 26974K, committed 27264K, reserved 1073152K
  class space    used 3153K, capacity 3345K, committed 3456K, reserved 1048576K
GC Heap History (10 events):
Event: 3.150 GC heap before
{Heap before GC invocations=5 (full 0):
 PSYoungGen      total 35328K, used 35320K [0x00000000eae00000, 0x00000000ed300000, 0x0000000100000000)
  eden space 32768K, 100% used [0x00000000eae00000,0x00000000ece00000,0x00000000ece00000)
  from space 2560K, 99% used [0x00000000ed080000,0x00000000ed2fe030,0x00000000ed300000)
  to   space 2560K, 0% used [0x00000000ece00000,0x00000000ece00000,0x00000000ed080000)
 ParOldGen       total 44032K, used 7074K [0x00000000c0a00000, 0x00000000c3500000, 0x00000000eae00000)
  object space 44032K, 16% used [0x00000000c0a00000,0x00000000c10e8a88,0x00000000c3500000)
 Metaspace       used 15572K, capacity 15850K, committed 16128K, reserved 1062912K
  class space    used 1900K, capacity 2007K, committed 2048K, reserved 1048576K
Event: 3.166 GC heap after
Heap after GC invocations=5 (full 0):
 PSYoungGen      total 35328K, used 2536K [0x00000000eae00000, 0x00000000efd00000, 0x0000000100000000)
  eden space 32768K, 0% used [0x00000000eae00000,0x00000000eae00000,0x00000000ece00000)
  from space 2560K, 99% used [0x00000000ece00000,0x00000000ed07a020,0x00000000ed080000)
  to   space 7680K, 0% used [0x00000000ef580000,0x00000000ef580000,0x00000000efd00000)
 ParOldGen       total 44032K, used 11571K [0x00000000c0a00000, 0x00000000c3500000, 0x00000000eae00000)
  object space 44032K, 26% used [0x00000000c0a00000,0x00000000c154cf08,0x00000000c3500000)
 Metaspace       used 15572K, capacity 15850K, committed 16128K, reserved 1062912K
  class space    used 1900K, capacity 2007K, committed 2048K, reserved 1048576K
}
Event: 3.776 GC heap before
{Heap before GC invocations=6 (full 0):
 PSYoungGen      total 35328K, used 35304K [0x00000000eae00000, 0x00000000efd00000, 0x0000000100000000)
  eden space 32768K, 100% used [0x00000000eae00000,0x00000000ece00000,0x00000000ece00000)
  from space 2560K, 99% used [0x00000000ece00000,0x00000000ed07a020,0x00000000ed080000)
  to   space 7680K, 0% used [0x00000000ef580000,0x00000000ef580000,0x00000000efd00000)
 ParOldGen       total 44032K, used 11571K [0x00000000c0a00000, 0x00000000c3500000, 0x00000000eae00000)
  object space 44032K, 26% used [0x00000000c0a00000,0x00000000c154cf08,0x00000000c3500000)
 Metaspace       used 16289K, capacity 16628K, committed 17024K, reserved 1064960K
  class space    used 1974K, capacity 2050K, committed 2176K, reserved 1048576K
Event: 3.788 GC heap after
Heap after GC invocations=6 (full 0):
 PSYoungGen      total 72192K, used 5036K [0x00000000eae00000, 0x00000000efc00000, 0x0000000100000000)
  eden space 65536K, 0% used [0x00000000eae00000,0x00000000eae00000,0x00000000eee00000)
  from space 6656K, 75% used [0x00000000ef580000,0x00000000efa6b008,0x00000000efc00000)
  to   space 7168K, 0% used [0x00000000eee00000,0x00000000eee00000,0x00000000ef500000)
 ParOldGen       total 44032K, used 11579K [0x00000000c0a00000, 0x00000000c3500000, 0x00000000eae00000)
  object space 44032K, 26% used [0x00000000c0a00000,0x00000000c154ef08,0x00000000c3500000)
 Metaspace       used 16289K, capacity 16628K, committed 17024K, reserved 1064960K
  class space    used 1974K, capacity 2050K, committed 2176K, reserved 1048576K
}
Event: 5.312 GC heap before
{Heap before GC invocations=7 (full 0):
 PSYoungGen      total 72192K, used 70572K [0x00000000eae00000, 0x00000000efc00000, 0x0000000100000000)
  eden space 65536K, 100% used [0x00000000eae00000,0x00000000eee00000,0x00000000eee00000)
  from space 6656K, 75% used [0x00000000ef580000,0x00000000efa6b008,0x00000000efc00000)
  to   space 7168K, 0% used [0x00000000eee00000,0x00000000eee00000,0x00000000ef500000)
 ParOldGen       total 44032K, used 11579K [0x00000000c0a00000, 0x00000000c3500000, 0x00000000eae00000)
  object space 44032K, 26% used [0x00000000c0a00000,0x00000000c154ef08,0x00000000c3500000)
 Metaspace       used 18216K, capacity 18716K, committed 18944K, reserved 1067008K
  class space    used 2177K, capacity 2300K, committed 2304K, reserved 1048576K
Event: 5.334 GC heap after
Heap after GC invocations=7 (full 0):
 PSYoungGen      total 72704K, used 7157K [0x00000000eae00000, 0x00000000f4000000, 0x0000000100000000)
  eden space 65536K, 0% used [0x00000000eae00000,0x00000000eae00000,0x00000000eee00000)
  from space 7168K, 99% used [0x00000000eee00000,0x00000000ef4fd640,0x00000000ef500000)
  to   space 9216K, 0% used [0x00000000f3700000,0x00000000f3700000,0x00000000f4000000)
 ParOldGen       total 44032K, used 13527K [0x00000000c0a00000, 0x00000000c3500000, 0x00000000eae00000)
  object space 44032K, 30% used [0x00000000c0a00000,0x00000000c1735f78,0x00000000c3500000)
 Metaspace       used 18216K, capacity 18716K, committed 18944K, reserved 1067008K
  class space    used 2177K, capacity 2300K, committed 2304K, reserved 1048576K
}
Event: 5.719 GC heap before
{Heap before GC invocations=8 (full 0):
 PSYoungGen      total 72704K, used 19066K [0x00000000eae00000, 0x00000000f4000000, 0x0000000100000000)
  eden space 65536K, 18% used [0x00000000eae00000,0x00000000eb9a14a0,0x00000000eee00000)
  from space 7168K, 99% used [0x00000000eee00000,0x00000000ef4fd640,0x00000000ef500000)
  to   space 9216K, 0% used [0x00000000f3700000,0x00000000f3700000,0x00000000f4000000)
 ParOldGen       total 44032K, used 13527K [0x00000000c0a00000, 0x00000000c3500000, 0x00000000eae00000)
  object space 44032K, 30% used [0x00000000c0a00000,0x00000000c1735f78,0x00000000c3500000)
 Metaspace       used 20659K, capacity 21216K, committed 21296K, reserved 1069056K
  class space    used 2499K, capacity 2668K, committed 2688K, reserved 1048576K
Event: 5.734 GC heap after
Heap after GC invocations=8 (full 0):
 PSYoungGen      total 140288K, used 7193K [0x00000000eae00000, 0x00000000f4000000, 0x0000000100000000)
  eden space 131072K, 0% used [0x00000000eae00000,0x00000000eae00000,0x00000000f2e00000)
  from space 9216K, 78% used [0x00000000f3700000,0x00000000f3e06768,0x00000000f4000000)
  to   space 9216K, 0% used [0x00000000f2e00000,0x00000000f2e00000,0x00000000f3700000)
 ParOldGen       total 44032K, used 14153K [0x00000000c0a00000, 0x00000000c3500000, 0x00000000eae00000)
  object space 44032K, 32% used [0x00000000c0a00000,0x00000000c17d27a8,0x00000000c3500000)
 Metaspace       used 20659K, capacity 21216K, committed 21296K, reserved 1069056K
  class space    used 2499K, capacity 2668K, committed 2688K, reserved 1048576K
}
Event: 5.734 GC heap before
{Heap before GC invocations=9 (full 1):
 PSYoungGen      total 140288K, used 7193K [0x00000000eae00000, 0x00000000f4000000, 0x0000000100000000)
  eden space 131072K, 0% used [0x00000000eae00000,0x00000000eae00000,0x00000000f2e00000)
  from space 9216K, 78% used [0x00000000f3700000,0x00000000f3e06768,0x00000000f4000000)
  to   space 9216K, 0% used [0x00000000f2e00000,0x00000000f2e00000,0x00000000f3700000)
 ParOldGen       total 44032K, used 14153K [0x00000000c0a00000, 0x00000000c3500000, 0x00000000eae00000)
  object space 44032K, 32% used [0x00000000c0a00000,0x00000000c17d27a8,0x00000000c3500000)
 Metaspace       used 20659K, capacity 21216K, committed 21296K, reserved 1069056K
  class space    used 2499K, capacity 2668K, committed 2688K, reserved 1048576K
Event: 5.813 GC heap after
Heap after GC invocations=9 (full 1):
 PSYoungGen      total 140288K, used 0K [0x00000000eae00000, 0x00000000f4000000, 0x0000000100000000)
  eden space 131072K, 0% used [0x00000000eae00000,0x00000000eae00000,0x00000000f2e00000)
  from space 9216K, 0% used [0x00000000f3700000,0x00000000f3700000,0x00000000f4000000)
  to   space 9216K, 0% used [0x00000000f2e00000,0x00000000f2e00000,0x00000000f3700000)
 ParOldGen       total 38912K, used 11522K [0x00000000c0a00000, 0x00000000c3000000, 0x00000000eae00000)
  object space 38912K, 29% used [0x00000000c0a00000,0x00000000c1540ae0,0x00000000c3000000)
 Metaspace       used 20659K, capacity 21216K, committed 21296K, reserved 1069056K
  class space    used 2499K, capacity 2668K, committed 2688K, reserved 1048576K
}

