# JRE version: Java(TM) SE Runtime Environment (8.0_191-b12) (build 1.8.0_191-b12)
# Java VM: Java HotSpot(TM) 64-Bit Server VM (25.191-b12 mixed mode windows-amd64 compressed oops)
Heap:
 PSYoungGen      total 72192K, used 51096K [0x00000000eae00000, 0x00000000efc00000, 0x0000000100000000)
  eden space 65536K, 77% used [0x00000000eae00000,0x00000000edfe6328,0x00000000eee00000)
  from space 6656K, 0% used [0x00000000ef580000,0x00000000ef580000,0x00000000efc00000)
  to   space 7168K, 0% used [0x00000000eee00000,0x00000000eee00000,0x00000000ef500000)
 ParOldGen       total 41984K, used 39325K [0x00000000c0a00000, 0x00000000c3300000, 0x00000000eae00000)
  object space 41984K, 93% used [0x00000000c0a00000,0x00000000c30674e8,0x00000000c3300000)
 Metaspace       used 28940K, capacity 29596K, committed 29824K, reserved 1075200K
  class space    used 3427K, capacity 3623K, committed 3712K, reserved 1048576K
GC Heap History (10 events):
Event: 5.050 GC heap before
{Heap before GC invocations=8 (full 1):
 PSYoungGen      total 72704K, used 7157K [0x00000000eae00000, 0x00000000efc00000, 0x0000000100000000)
  eden space 65536K, 0% used [0x00000000eae00000,0x00000000eae00000,0x00000000eee00000)
  from space 7168K, 99% used [0x00000000eee00000,0x00000000ef4fd5a8,0x00000000ef500000)
  to   space 6656K, 0% used [0x00000000ef580000,0x00000000ef580000,0x00000000efc00000)
 ParOldGen       total 44032K, used 12873K [0x00000000c0a00000, 0x00000000c3500000, 0x00000000eae00000)
  object space 44032K, 29% used [0x00000000c0a00000,0x00000000c1692620,0x00000000c3500000)
 Metaspace       used 20649K, capacity 21122K, committed 21296K, reserved 1069056K
  class space    used 2499K, capacity 2653K, committed 2688K, reserved 1048576K
Event: 5.172 GC heap after
Heap after GC invocations=8 (full 1):
 PSYoungGen      total 72704K, used 0K [0x00000000eae00000, 0x00000000efc00000, 0x0000000100000000)
  eden space 65536K, 0% used [0x00000000eae00000,0x00000000eae00000,0x00000000eee00000)
  from space 7168K, 0% used [0x00000000eee00000,0x00000000eee00000,0x00000000ef500000)
  to   space 6656K, 0% used [0x00000000ef580000,0x00000000ef580000,0x00000000efc00000)
 ParOldGen       total 41984K, used 11430K [0x00000000c0a00000, 0x00000000c3300000, 0x00000000eae00000)
  object space 41984K, 27% used [0x00000000c0a00000,0x00000000c1529b20,0x00000000c3300000)
 Metaspace       used 20649K, capacity 21122K, committed 21296K, reserved 1069056K
  class space    used 2499K, capacity 2653K, committed 2688K, reserved 1048576K
}
Event: 6.700 GC heap before
{Heap before GC invocations=9 (full 1):
 PSYoungGen      total 72704K, used 65536K [0x00000000eae00000, 0x00000000efc00000, 0x0000000100000000)
  eden space 65536K, 100% used [0x00000000eae00000,0x00000000eee00000,0x00000000eee00000)
  from space 7168K, 0% used [0x00000000eee00000,0x00000000eee00000,0x00000000ef500000)
  to   space 6656K, 0% used [0x00000000ef580000,0x00000000ef580000,0x00000000efc00000)
 ParOldGen       total 41984K, used 11430K [0x00000000c0a00000, 0x00000000c3300000, 0x00000000eae00000)
  object space 41984K, 27% used [0x00000000c0a00000,0x00000000c1529b20,0x00000000c3300000)
 Metaspace       used 23962K, capacity 24568K, committed 24832K, reserved 1071104K
  class space    used 2876K, capacity 3056K, committed 3072K, reserved 1048576K
Event: 6.732 GC heap after
Heap after GC invocations=9 (full 1):
 PSYoungGen      total 72192K, used 6635K [0x00000000eae00000, 0x00000000efc00000, 0x0000000100000000)
  eden space 65536K, 0% used [0x00000000eae00000,0x00000000eae00000,0x00000000eee00000)
  from space 6656K, 99% used [0x00000000ef580000,0x00000000efbfaea8,0x00000000efc00000)
  to   space 7168K, 0% used [0x00000000eee00000,0x00000000eee00000,0x00000000ef500000)
 ParOldGen       total 41984K, used 16922K [0x00000000c0a00000, 0x00000000c3300000, 0x00000000eae00000)
  object space 41984K, 40% used [0x00000000c0a00000,0x00000000c1a86ac0,0x00000000c3300000)
 Metaspace       used 23962K, capacity 24568K, committed 24832K, reserved 1071104K
  class space    used 2876K, capacity 3056K, committed 3072K, reserved 1048576K
}
Event: 7.819 GC heap before
{Heap before GC invocations=10 (full 1):
 PSYoungGen      total 72192K, used 72171K [0x00000000eae00000, 0x00000000efc00000, 0x0000000100000000)
  eden space 65536K, 100% used [0x00000000eae00000,0x00000000eee00000,0x00000000eee00000)
  from space 6656K, 99% used [0x00000000ef580000,0x00000000efbfaea8,0x00000000efc00000)
  to   space 7168K, 0% used [0x00000000eee00000,0x00000000eee00000,0x00000000ef500000)
 ParOldGen       total 41984K, used 16922K [0x00000000c0a00000, 0x00000000c3300000, 0x00000000eae00000)
  object space 41984K, 40% used [0x00000000c0a00000,0x00000000c1a86ac0,0x00000000c3300000)
 Metaspace       used 28898K, capacity 29532K, committed 29824K, reserved 1075200K
  class space    used 3427K, capacity 3623K, committed 3712K, reserved 1048576K
Event: 7.838 GC heap after
Heap after GC invocations=10 (full 1):
 PSYoungGen      total 72704K, used 7147K [0x00000000eae00000, 0x00000000efc00000, 0x0000000100000000)
  eden space 65536K, 0% used [0x00000000eae00000,0x00000000eae00000,0x00000000eee00000)
  from space 7168K, 99% used [0x00000000eee00000,0x00000000ef4faeb8,0x00000000ef500000)
  to   space 6656K, 0% used [0x00000000ef580000,0x00000000ef580000,0x00000000efc00000)
 ParOldGen       total 41984K, used 27682K [0x00000000c0a00000, 0x00000000c3300000, 0x00000000eae00000)
  object space 41984K, 65% used [0x00000000c0a00000,0x00000000c2508b58,0x00000000c3300000)
 Metaspace       used 28898K, capacity 29532K, committed 29824K, reserved 1075200K
  class space    used 3427K, capacity 3623K, committed 3712K, reserved 1048576K
}
Event: 8.189 GC heap before
{Heap before GC invocations=11 (full 1):
 PSYoungGen      total 72704K, used 72683K [0x00000000eae00000, 0x00000000efc00000, 0x0000000100000000)
  eden space 65536K, 100% used [0x00000000eae00000,0x00000000eee00000,0x00000000eee00000)
  from space 7168K, 99% used [0x00000000eee00000,0x00000000ef4faeb8,0x00000000ef500000)
  to   space 6656K, 0% used [0x00000000ef580000,0x00000000ef580000,0x00000000efc00000)
 ParOldGen       total 41984K, used 27682K [0x00000000c0a00000, 0x00000000c3300000, 0x00000000eae00000)
  object space 41984K, 65% used [0x00000000c0a00000,0x00000000c2508b58,0x00000000c3300000)
 Metaspace       used 28934K, capacity 29596K, committed 29824K, reserved 1075200K
  class space    used 3427K, capacity 3623K, committed 3712K, reserved 1048576K
Event: 8.216 GC heap after
Heap after GC invocations=11 (full 1):
 PSYoungGen      total 72192K, used 6627K [0x00000000eae00000, 0x00000000efc00000, 0x0000000100000000)
  eden space 65536K, 0% used [0x00000000eae00000,0x00000000eae00000,0x00000000eee00000)
  from space 6656K, 99% used [0x00000000ef580000,0x00000000efbf8cb8,0x00000000efc00000)
  to   space 7168K, 0% used [0x00000000eee00000,0x00000000eee00000,0x00000000ef500000)
 ParOldGen       total 41984K, used 39283K [0x00000000c0a00000, 0x00000000c3300000, 0x00000000eae00000)
  object space 41984K, 93% used [0x00000000c0a00000,0x00000000c305ced0,0x00000000c3300000)
 Metaspace       used 28934K, capacity 29596K, committed 29824K, reserved 1075200K
  class space    used 3427K, capacity 3623K, committed 3712K, reserved 1048576K
}
Event: 8.217 GC heap before
{Heap before GC invocations=12 (full 2):
 PSYoungGen      total 72192K, used 6627K [0x00000000eae00000, 0x00000000efc00000, 0x0000000100000000)
  eden space 65536K, 0% used [0x00000000eae00000,0x00000000eae00000,0x00000000eee00000)
  from space 6656K, 99% used [0x00000000ef580000,0x00000000efbf8cb8,0x00000000efc00000)
  to   space 7168K, 0% used [0x00000000eee00000,0x00000000eee00000,0x00000000ef500000)
 ParOldGen       total 41984K, used 39283K [0x00000000c0a00000, 0x00000000c3300000, 0x00000000eae00000)
  object space 41984K, 93% used [0x00000000c0a00000,0x00000000c305ced0,0x00000000c3300000)
 Metaspace       used 28934K, capacity 29596K, committed 29824K, reserved 1075200K
  class space    used 3427K, capacity 3623K, committed 3712K, reserved 1048576K
Event: 8.371 GC heap after
Heap after GC invocations=12 (full 2):
 PSYoungGen      total 72192K, used 0K [0x00000000eae00000, 0x00000000efc00000, 0x0000000100000000)
  eden space 65536K, 0% used [0x00000000eae00000,0x00000000eae00000,0x00000000eee00000)
  from space 6656K, 0% used [0x00000000ef580000,0x00000000ef580000,0x00000000efc00000)
  to   space 7168K, 0% used [0x00000000eee00000,0x00000000eee00000,0x00000000ef500000)
 ParOldGen       total 41984K, used 39325K [0x00000000c0a00000, 0x00000000c3300000, 0x00000000eae00000)
  object space 41984K, 93% used [0x00000000c0a00000,0x00000000c30674e8,0x00000000c3300000)
 Metaspace       used 28934K, capacity 29596K, committed 29824K, reserved 1075200K
  class space    used 3427K, capacity 3623K, committed 3712K, reserved 1048576K
}

