# JRE version: Java(TM) SE Runtime Environment (8.0_191-b12) (build 1.8.0_191-b12)
# Java VM: Java HotSpot(TM) 64-Bit Server VM (25.191-b12 mixed mode windows-amd64 compressed oops)
Heap:
 PSYoungGen      total 58880K, used 37345K [0x00000000eae00000, 0x00000000ef400000, 0x0000000100000000)
  eden space 48640K, 57% used [0x00000000eae00000,0x00000000ec925dd8,0x00000000edd80000)
  from space 10240K, 93% used [0x00000000edd80000,0x00000000ee6d29a8,0x00000000ee780000)
  to   space 9728K, 0% used [0x00000000ee780000,0x00000000ee780000,0x00000000ef100000)
 ParOldGen       total 39936K, used 28770K [0x00000000c0a00000, 0x00000000c3100000, 0x00000000eae00000)
  object space 39936K, 72% used [0x00000000c0a00000,0x00000000c2618908,0x00000000c3100000)
 Metaspace       used 28917K, capacity 29510K, committed 29824K, reserved 1075200K
  class space    used 3427K, capacity 3593K, committed 3712K, reserved 1048576K
GC Heap History (10 events):
Event: 18.150 GC heap before
{Heap before GC invocations=12 (full 1):
 PSYoungGen      total 36352K, used 36343K [0x00000000eae00000, 0x00000000ee400000, 0x0000000100000000)
  eden space 29184K, 100% used [0x00000000eae00000,0x00000000eca80000,0x00000000eca80000)
  from space 7168K, 99% used [0x00000000ed280000,0x00000000ed97de88,0x00000000ed980000)
  to   space 8192K, 0% used [0x00000000eca80000,0x00000000eca80000,0x00000000ed280000)
 ParOldGen       total 39936K, used 12721K [0x00000000c0a00000, 0x00000000c3100000, 0x00000000eae00000)
  object space 39936K, 31% used [0x00000000c0a00000,0x00000000c166c4a8,0x00000000c3100000)
 Metaspace       used 23531K, capacity 24112K, committed 24320K, reserved 1071104K
  class space    used 2817K, capacity 2992K, committed 3072K, reserved 1048576K
Event: 18.170 GC heap after
Heap after GC invocations=12 (full 1):
 PSYoungGen      total 37376K, used 2696K [0x00000000eae00000, 0x00000000ee380000, 0x0000000100000000)
  eden space 29184K, 0% used [0x00000000eae00000,0x00000000eae00000,0x00000000eca80000)
  from space 8192K, 32% used [0x00000000eca80000,0x00000000ecd221c0,0x00000000ed280000)
  to   space 8192K, 0% used [0x00000000edb80000,0x00000000edb80000,0x00000000ee380000)
 ParOldGen       total 39936K, used 19908K [0x00000000c0a00000, 0x00000000c3100000, 0x00000000eae00000)
  object space 39936K, 49% used [0x00000000c0a00000,0x00000000c1d71080,0x00000000c3100000)
 Metaspace       used 23531K, capacity 24112K, committed 24320K, reserved 1071104K
  class space    used 2817K, capacity 2992K, committed 3072K, reserved 1048576K
}
Event: 23.139 GC heap before
{Heap before GC invocations=13 (full 1):
 PSYoungGen      total 37376K, used 31880K [0x00000000eae00000, 0x00000000ee380000, 0x0000000100000000)
  eden space 29184K, 100% used [0x00000000eae00000,0x00000000eca80000,0x00000000eca80000)
  from space 8192K, 32% used [0x00000000eca80000,0x00000000ecd221c0,0x00000000ed280000)
  to   space 8192K, 0% used [0x00000000edb80000,0x00000000edb80000,0x00000000ee380000)
 ParOldGen       total 39936K, used 19908K [0x00000000c0a00000, 0x00000000c3100000, 0x00000000eae00000)
  object space 39936K, 49% used [0x00000000c0a00000,0x00000000c1d71080,0x00000000c3100000)
 Metaspace       used 28325K, capacity 28912K, committed 29184K, reserved 1075200K
  class space    used 3360K, capacity 3524K, committed 3584K, reserved 1048576K
Event: 23.155 GC heap after
Heap after GC invocations=13 (full 1):
 PSYoungGen      total 44544K, used 4839K [0x00000000eae00000, 0x00000000ee280000, 0x0000000100000000)
  eden space 37376K, 0% used [0x00000000eae00000,0x00000000eae00000,0x00000000ed280000)
  from space 7168K, 67% used [0x00000000edb80000,0x00000000ee039fa8,0x00000000ee280000)
  to   space 8192K, 0% used [0x00000000ed280000,0x00000000ed280000,0x00000000eda80000)
 ParOldGen       total 39936K, used 21116K [0x00000000c0a00000, 0x00000000c3100000, 0x00000000eae00000)
  object space 39936K, 52% used [0x00000000c0a00000,0x00000000c1e9f0a0,0x00000000c3100000)
 Metaspace       used 28325K, capacity 28912K, committed 29184K, reserved 1075200K
  class space    used 3360K, capacity 3524K, committed 3584K, reserved 1048576K
}
Event: 24.190 GC heap before
{Heap before GC invocations=14 (full 1):
 PSYoungGen      total 44544K, used 42215K [0x00000000eae00000, 0x00000000ee280000, 0x0000000100000000)
  eden space 37376K, 100% used [0x00000000eae00000,0x00000000ed280000,0x00000000ed280000)
  from space 7168K, 67% used [0x00000000edb80000,0x00000000ee039fa8,0x00000000ee280000)
  to   space 8192K, 0% used [0x00000000ed280000,0x00000000ed280000,0x00000000eda80000)
 ParOldGen       total 39936K, used 21116K [0x00000000c0a00000, 0x00000000c3100000, 0x00000000eae00000)
  object space 39936K, 52% used [0x00000000c0a00000,0x00000000c1e9f0a0,0x00000000c3100000)
 Metaspace       used 28858K, capacity 29436K, committed 29824K, reserved 1075200K
  class space    used 3424K, capacity 3591K, committed 3712K, reserved 1048576K
Event: 24.210 GC heap after
Heap after GC invocations=14 (full 1):
 PSYoungGen      total 45568K, used 8178K [0x00000000eae00000, 0x00000000ef100000, 0x0000000100000000)
  eden space 37376K, 0% used [0x00000000eae00000,0x00000000eae00000,0x00000000ed280000)
  from space 8192K, 99% used [0x00000000ed280000,0x00000000eda7c8b0,0x00000000eda80000)
  to   space 9728K, 0% used [0x00000000ee780000,0x00000000ee780000,0x00000000ef100000)
 ParOldGen       total 39936K, used 23099K [0x00000000c0a00000, 0x00000000c3100000, 0x00000000eae00000)
  object space 39936K, 57% used [0x00000000c0a00000,0x00000000c208edd0,0x00000000c3100000)
 Metaspace       used 28858K, capacity 29436K, committed 29824K, reserved 1075200K
  class space    used 3424K, capacity 3591K, committed 3712K, reserved 1048576K
}
Event: 24.801 GC heap before
{Heap before GC invocations=15 (full 1):
 PSYoungGen      total 45568K, used 45554K [0x00000000eae00000, 0x00000000ef100000, 0x0000000100000000)
  eden space 37376K, 100% used [0x00000000eae00000,0x00000000ed280000,0x00000000ed280000)
  from space 8192K, 99% used [0x00000000ed280000,0x00000000eda7c8b0,0x00000000eda80000)
  to   space 9728K, 0% used [0x00000000ee780000,0x00000000ee780000,0x00000000ef100000)
 ParOldGen       total 39936K, used 23099K [0x00000000c0a00000, 0x00000000c3100000, 0x00000000eae00000)
  object space 39936K, 57% used [0x00000000c0a00000,0x00000000c208edd0,0x00000000c3100000)
 Metaspace       used 28891K, capacity 29500K, committed 29824K, reserved 1075200K
  class space    used 3424K, capacity 3591K, committed 3712K, reserved 1048576K
Event: 24.823 GC heap after
Heap after GC invocations=15 (full 1):
 PSYoungGen      total 58368K, used 7452K [0x00000000eae00000, 0x00000000ef400000, 0x0000000100000000)
  eden space 48640K, 0% used [0x00000000eae00000,0x00000000eae00000,0x00000000edd80000)
  from space 9728K, 76% used [0x00000000ee780000,0x00000000eeec71e8,0x00000000ef100000)
  to   space 10240K, 0% used [0x00000000edd80000,0x00000000edd80000,0x00000000ee780000)
 ParOldGen       total 39936K, used 27631K [0x00000000c0a00000, 0x00000000c3100000, 0x00000000eae00000)
  object space 39936K, 69% used [0x00000000c0a00000,0x00000000c24fbcd8,0x00000000c3100000)
 Metaspace       used 28891K, capacity 29500K, committed 29824K, reserved 1075200K
  class space    used 3424K, capacity 3591K, committed 3712K, reserved 1048576K
}
Event: 25.316 GC heap before
{Heap before GC invocations=16 (full 1):
 PSYoungGen      total 58368K, used 56092K [0x00000000eae00000, 0x00000000ef400000, 0x0000000100000000)
  eden space 48640K, 100% used [0x00000000eae00000,0x00000000edd80000,0x00000000edd80000)
  from space 9728K, 76% used [0x00000000ee780000,0x00000000eeec71e8,0x00000000ef100000)
  to   space 10240K, 0% used [0x00000000edd80000,0x00000000edd80000,0x00000000ee780000)
 ParOldGen       total 39936K, used 27631K [0x00000000c0a00000, 0x00000000c3100000, 0x00000000eae00000)
  object space 39936K, 69% used [0x00000000c0a00000,0x00000000c24fbcd8,0x00000000c3100000)
 Metaspace       used 28917K, capacity 29510K, committed 29824K, reserved 1075200K
  class space    used 3427K, capacity 3593K, committed 3712K, reserved 1048576K
Event: 25.332 GC heap after
Heap after GC invocations=16 (full 1):
 PSYoungGen      total 58880K, used 9546K [0x00000000eae00000, 0x00000000ef400000, 0x0000000100000000)
  eden space 48640K, 0% used [0x00000000eae00000,0x00000000eae00000,0x00000000edd80000)
  from space 10240K, 93% used [0x00000000edd80000,0x00000000ee6d29a8,0x00000000ee780000)
  to   space 9728K, 0% used [0x00000000ee780000,0x00000000ee780000,0x00000000ef100000)
 ParOldGen       total 39936K, used 28770K [0x00000000c0a00000, 0x00000000c3100000, 0x00000000eae00000)
  object space 39936K, 72% used [0x00000000c0a00000,0x00000000c2618908,0x00000000c3100000)
 Metaspace       used 28917K, capacity 29510K, committed 29824K, reserved 1075200K
  class space    used 3427K, capacity 3593K, committed 3712K, reserved 1048576K
}

