# JRE version: Java(TM) SE Runtime Environment (8.0_191-b12) (build 1.8.0_191-b12)
# Java VM: Java HotSpot(TM) 64-Bit Server VM (25.191-b12 mixed mode windows-amd64 compressed oops)
Heap:
 PSYoungGen      total 140288K, used 111528K [0x00000000eae00000, 0x00000000f4000000, 0x0000000100000000)
  eden space 131072K, 85% used [0x00000000eae00000,0x00000000f1aea3a8,0x00000000f2e00000)
  from space 9216K, 0% used [0x00000000f3700000,0x00000000f3700000,0x00000000f4000000)
  to   space 9216K, 0% used [0x00000000f2e00000,0x00000000f2e00000,0x00000000f3700000)
 ParOldGen       total 44544K, used 15737K [0x00000000c0a00000, 0x00000000c3580000, 0x00000000eae00000)
  object space 44544K, 35% used [0x00000000c0a00000,0x00000000c195e5a8,0x00000000c3580000)
 Metaspace       used 28869K, capacity 29520K, committed 29824K, reserved 1075200K
  class space    used 3427K, capacity 3623K, committed 3712K, reserved 1048576K
GC Heap History (10 events):
Event: 16.571 GC heap before
{Heap before GC invocations=3 (full 0):
 PSYoungGen      total 35328K, used 35320K [0x00000000eae00000, 0x00000000ed300000, 0x0000000100000000)
  eden space 32768K, 100% used [0x00000000eae00000,0x00000000ece00000,0x00000000ece00000)
  from space 2560K, 99% used [0x00000000ed080000,0x00000000ed2fe030,0x00000000ed300000)
  to   space 2560K, 0% used [0x00000000ece00000,0x00000000ece00000,0x00000000ed080000)
 ParOldGen       total 44032K, used 2140K [0x00000000c0a00000, 0x00000000c3500000, 0x00000000eae00000)
  object space 44032K, 4% used [0x00000000c0a00000,0x00000000c0c170f0,0x00000000c3500000)
 Metaspace       used 12602K, capacity 12772K, committed 12928K, reserved 1060864K
  class space    used 1574K, capacity 1640K, committed 1664K, reserved 1048576K
Event: 16.838 GC heap after
Heap after GC invocations=3 (full 0):
 PSYoungGen      total 35328K, used 2536K [0x00000000eae00000, 0x00000000ef300000, 0x0000000100000000)
  eden space 32768K, 0% used [0x00000000eae00000,0x00000000eae00000,0x00000000ece00000)
  from space 2560K, 99% used [0x00000000ece00000,0x00000000ed07a020,0x00000000ed080000)
  to   space 2560K, 0% used [0x00000000ef080000,0x00000000ef080000,0x00000000ef300000)
 ParOldGen       total 44032K, used 7047K [0x00000000c0a00000, 0x00000000c3500000, 0x00000000eae00000)
  object space 44032K, 16% used [0x00000000c0a00000,0x00000000c10e1f88,0x00000000c3500000)
 Metaspace       used 12602K, capacity 12772K, committed 12928K, reserved 1060864K
  class space    used 1574K, capacity 1640K, committed 1664K, reserved 1048576K
}
Event: 27.897 GC heap before
{Heap before GC invocations=4 (full 0):
 PSYoungGen      total 35328K, used 35304K [0x00000000eae00000, 0x00000000ef300000, 0x0000000100000000)
  eden space 32768K, 100% used [0x00000000eae00000,0x00000000ece00000,0x00000000ece00000)
  from space 2560K, 99% used [0x00000000ece00000,0x00000000ed07a020,0x00000000ed080000)
  to   space 2560K, 0% used [0x00000000ef080000,0x00000000ef080000,0x00000000ef300000)
 ParOldGen       total 44032K, used 7047K [0x00000000c0a00000, 0x00000000c3500000, 0x00000000eae00000)
  object space 44032K, 16% used [0x00000000c0a00000,0x00000000c10e1f88,0x00000000c3500000)
 Metaspace       used 15611K, capacity 15902K, committed 16128K, reserved 1062912K
  class space    used 1901K, capacity 2007K, committed 2048K, reserved 1048576K
Event: 27.938 GC heap after
Heap after GC invocations=4 (full 0):
 PSYoungGen      total 68096K, used 2536K [0x00000000eae00000, 0x00000000ef300000, 0x0000000100000000)
  eden space 65536K, 0% used [0x00000000eae00000,0x00000000eae00000,0x00000000eee00000)
  from space 2560K, 99% used [0x00000000ef080000,0x00000000ef2fa020,0x00000000ef300000)
  to   space 2560K, 0% used [0x00000000eee00000,0x00000000eee00000,0x00000000ef080000)
 ParOldGen       total 44032K, used 11571K [0x00000000c0a00000, 0x00000000c3500000, 0x00000000eae00000)
  object space 44032K, 26% used [0x00000000c0a00000,0x00000000c154cf48,0x00000000c3500000)
 Metaspace       used 15611K, capacity 15902K, committed 16128K, reserved 1062912K
  class space    used 1901K, capacity 2007K, committed 2048K, reserved 1048576K
}
Event: 39.183 GC heap before
{Heap before GC invocations=5 (full 0):
 PSYoungGen      total 68096K, used 68072K [0x00000000eae00000, 0x00000000ef300000, 0x0000000100000000)
  eden space 65536K, 100% used [0x00000000eae00000,0x00000000eee00000,0x00000000eee00000)
  from space 2560K, 99% used [0x00000000ef080000,0x00000000ef2fa020,0x00000000ef300000)
  to   space 2560K, 0% used [0x00000000eee00000,0x00000000eee00000,0x00000000ef080000)
 ParOldGen       total 44032K, used 11571K [0x00000000c0a00000, 0x00000000c3500000, 0x00000000eae00000)
  object space 44032K, 26% used [0x00000000c0a00000,0x00000000c154cf48,0x00000000c3500000)
 Metaspace       used 17218K, capacity 17676K, committed 17792K, reserved 1064960K
  class space    used 2023K, capacity 2124K, committed 2176K, reserved 1048576K
Event: 39.251 GC heap after
Heap after GC invocations=5 (full 0):
 PSYoungGen      total 68096K, used 2552K [0x00000000eae00000, 0x00000000f4000000, 0x0000000100000000)
  eden space 65536K, 0% used [0x00000000eae00000,0x00000000eae00000,0x00000000eee00000)
  from space 2560K, 99% used [0x00000000eee00000,0x00000000ef07e030,0x00000000ef080000)
  to   space 9216K, 0% used [0x00000000f3700000,0x00000000f3700000,0x00000000f4000000)
 ParOldGen       total 44032K, used 15971K [0x00000000c0a00000, 0x00000000c3500000, 0x00000000eae00000)
  object space 44032K, 36% used [0x00000000c0a00000,0x00000000c1998ee8,0x00000000c3500000)
 Metaspace       used 17218K, capacity 17676K, committed 17792K, reserved 1064960K
  class space    used 2023K, capacity 2124K, committed 2176K, reserved 1048576K
}
Event: 42.205 GC heap before
{Heap before GC invocations=6 (full 0):
 PSYoungGen      total 68096K, used 24817K [0x00000000eae00000, 0x00000000f4000000, 0x0000000100000000)
  eden space 65536K, 33% used [0x00000000eae00000,0x00000000ec3be490,0x00000000eee00000)
  from space 2560K, 99% used [0x00000000eee00000,0x00000000ef07e030,0x00000000ef080000)
  to   space 9216K, 0% used [0x00000000f3700000,0x00000000f3700000,0x00000000f4000000)
 ParOldGen       total 44032K, used 15971K [0x00000000c0a00000, 0x00000000c3500000, 0x00000000eae00000)
  object space 44032K, 36% used [0x00000000c0a00000,0x00000000c1998ee8,0x00000000c3500000)
 Metaspace       used 20591K, capacity 21078K, committed 21296K, reserved 1069056K
  class space    used 2482K, capacity 2621K, committed 2688K, reserved 1048576K
Event: 42.319 GC heap after
Heap after GC invocations=6 (full 0):
 PSYoungGen      total 140288K, used 4617K [0x00000000eae00000, 0x00000000f4000000, 0x0000000100000000)
  eden space 131072K, 0% used [0x00000000eae00000,0x00000000eae00000,0x00000000f2e00000)
  from space 9216K, 50% used [0x00000000f3700000,0x00000000f3b82660,0x00000000f4000000)
  to   space 9216K, 0% used [0x00000000f2e00000,0x00000000f2e00000,0x00000000f3700000)
 ParOldGen       total 44032K, used 15979K [0x00000000c0a00000, 0x00000000c3500000, 0x00000000eae00000)
  object space 44032K, 36% used [0x00000000c0a00000,0x00000000c199aee8,0x00000000c3500000)
 Metaspace       used 20591K, capacity 21078K, committed 21296K, reserved 1069056K
  class space    used 2482K, capacity 2621K, committed 2688K, reserved 1048576K
}
Event: 42.319 GC heap before
{Heap before GC invocations=7 (full 1):
 PSYoungGen      total 140288K, used 4617K [0x00000000eae00000, 0x00000000f4000000, 0x0000000100000000)
  eden space 131072K, 0% used [0x00000000eae00000,0x00000000eae00000,0x00000000f2e00000)
  from space 9216K, 50% used [0x00000000f3700000,0x00000000f3b82660,0x00000000f4000000)
  to   space 9216K, 0% used [0x00000000f2e00000,0x00000000f2e00000,0x00000000f3700000)
 ParOldGen       total 44032K, used 15979K [0x00000000c0a00000, 0x00000000c3500000, 0x00000000eae00000)
  object space 44032K, 36% used [0x00000000c0a00000,0x00000000c199aee8,0x00000000c3500000)
 Metaspace       used 20591K, capacity 21078K, committed 21296K, reserved 1069056K
  class space    used 2482K, capacity 2621K, committed 2688K, reserved 1048576K
Event: 42.772 GC heap after
Heap after GC invocations=7 (full 1):
 PSYoungGen      total 140288K, used 0K [0x00000000eae00000, 0x00000000f4000000, 0x0000000100000000)
  eden space 131072K, 0% used [0x00000000eae00000,0x00000000eae00000,0x00000000f2e00000)
  from space 9216K, 0% used [0x00000000f3700000,0x00000000f3700000,0x00000000f4000000)
  to   space 9216K, 0% used [0x00000000f2e00000,0x00000000f2e00000,0x00000000f3700000)
 ParOldGen       total 44544K, used 15737K [0x00000000c0a00000, 0x00000000c3580000, 0x00000000eae00000)
  object space 44544K, 35% used [0x00000000c0a00000,0x00000000c195e5a8,0x00000000c3580000)
 Metaspace       used 20591K, capacity 21078K, committed 21296K, reserved 1069056K
  class space    used 2482K, capacity 2621K, committed 2688K, reserved 1048576K
}

