# JRE version: Java(TM) SE Runtime Environment (8.0_191-b12) (build 1.8.0_191-b12)
# Java VM: Java HotSpot(TM) 64-Bit Server VM (25.191-b12 mixed mode windows-amd64 compressed oops)
Heap:
 PSYoungGen      total 72704K, used 47846K [0x00000000eae00000, 0x00000000efc00000, 0x0000000100000000)
  eden space 65536K, 62% used [0x00000000eae00000,0x00000000ed5bbcd8,0x00000000eee00000)
  from space 7168K, 99% used [0x00000000eee00000,0x00000000ef4fde88,0x00000000ef500000)
  to   space 6656K, 0% used [0x00000000ef580000,0x00000000ef580000,0x00000000efc00000)
 ParOldGen       total 42496K, used 29225K [0x00000000c0a00000, 0x00000000c3380000, 0x00000000eae00000)
  object space 42496K, 68% used [0x00000000c0a00000,0x00000000c268a458,0x00000000c3380000)
 Metaspace       used 29289K, capacity 29940K, committed 30080K, reserved 1075200K
  class space    used 3472K, capacity 3655K, committed 3712K, reserved 1048576K
GC Heap History (10 events):
Event: 3.530 GC heap before
{Heap before GC invocations=6 (full 0):
 PSYoungGen      total 35328K, used 35320K [0x00000000eae00000, 0x00000000efd00000, 0x0000000100000000)
  eden space 32768K, 100% used [0x00000000eae00000,0x00000000ece00000,0x00000000ece00000)
  from space 2560K, 99% used [0x00000000ece00000,0x00000000ed07e010,0x00000000ed080000)
  to   space 7680K, 0% used [0x00000000ef580000,0x00000000ef580000,0x00000000efd00000)
 ParOldGen       total 44032K, used 11701K [0x00000000c0a00000, 0x00000000c3500000, 0x00000000eae00000)
  object space 44032K, 26% used [0x00000000c0a00000,0x00000000c156d638,0x00000000c3500000)
 Metaspace       used 16353K, capacity 16696K, committed 17024K, reserved 1064960K
  class space    used 1975K, capacity 2052K, committed 2176K, reserved 1048576K
Event: 3.540 GC heap after
Heap after GC invocations=6 (full 0):
 PSYoungGen      total 72192K, used 5000K [0x00000000eae00000, 0x00000000efc00000, 0x0000000100000000)
  eden space 65536K, 0% used [0x00000000eae00000,0x00000000eae00000,0x00000000eee00000)
  from space 6656K, 75% used [0x00000000ef580000,0x00000000efa62020,0x00000000efc00000)
  to   space 7168K, 0% used [0x00000000eee00000,0x00000000eee00000,0x00000000ef500000)
 ParOldGen       total 44032K, used 11709K [0x00000000c0a00000, 0x00000000c3500000, 0x00000000eae00000)
  object space 44032K, 26% used [0x00000000c0a00000,0x00000000c156f638,0x00000000c3500000)
 Metaspace       used 16353K, capacity 16696K, committed 17024K, reserved 1064960K
  class space    used 1975K, capacity 2052K, committed 2176K, reserved 1048576K
}
Event: 4.775 GC heap before
{Heap before GC invocations=7 (full 0):
 PSYoungGen      total 72192K, used 65852K [0x00000000eae00000, 0x00000000efc00000, 0x0000000100000000)
  eden space 65536K, 92% used [0x00000000eae00000,0x00000000ee96d1b8,0x00000000eee00000)
  from space 6656K, 75% used [0x00000000ef580000,0x00000000efa62020,0x00000000efc00000)
  to   space 7168K, 0% used [0x00000000eee00000,0x00000000eee00000,0x00000000ef500000)
 ParOldGen       total 44032K, used 11709K [0x00000000c0a00000, 0x00000000c3500000, 0x00000000eae00000)
  object space 44032K, 26% used [0x00000000c0a00000,0x00000000c156f638,0x00000000c3500000)
 Metaspace       used 20663K, capacity 21114K, committed 21296K, reserved 1069056K
  class space    used 2501K, capacity 2653K, committed 2688K, reserved 1048576K
Event: 4.805 GC heap after
Heap after GC invocations=7 (full 0):
 PSYoungGen      total 72704K, used 7146K [0x00000000eae00000, 0x00000000efc00000, 0x0000000100000000)
  eden space 65536K, 0% used [0x00000000eae00000,0x00000000eae00000,0x00000000eee00000)
  from space 7168K, 99% used [0x00000000eee00000,0x00000000ef4fab90,0x00000000ef500000)
  to   space 6656K, 0% used [0x00000000ef580000,0x00000000ef580000,0x00000000efc00000)
 ParOldGen       total 44032K, used 13209K [0x00000000c0a00000, 0x00000000c3500000, 0x00000000eae00000)
  object space 44032K, 29% used [0x00000000c0a00000,0x00000000c16e65c0,0x00000000c3500000)
 Metaspace       used 20663K, capacity 21114K, committed 21296K, reserved 1069056K
  class space    used 2501K, capacity 2653K, committed 2688K, reserved 1048576K
}
Event: 4.805 GC heap before
{Heap before GC invocations=8 (full 1):
 PSYoungGen      total 72704K, used 7146K [0x00000000eae00000, 0x00000000efc00000, 0x0000000100000000)
  eden space 65536K, 0% used [0x00000000eae00000,0x00000000eae00000,0x00000000eee00000)
  from space 7168K, 99% used [0x00000000eee00000,0x00000000ef4fab90,0x00000000ef500000)
  to   space 6656K, 0% used [0x00000000ef580000,0x00000000ef580000,0x00000000efc00000)
 ParOldGen       total 44032K, used 13209K [0x00000000c0a00000, 0x00000000c3500000, 0x00000000eae00000)
  object space 44032K, 29% used [0x00000000c0a00000,0x00000000c16e65c0,0x00000000c3500000)
 Metaspace       used 20663K, capacity 21114K, committed 21296K, reserved 1069056K
  class space    used 2501K, capacity 2653K, committed 2688K, reserved 1048576K
Event: 4.921 GC heap after
Heap after GC invocations=8 (full 1):
 PSYoungGen      total 72704K, used 0K [0x00000000eae00000, 0x00000000efc00000, 0x0000000100000000)
  eden space 65536K, 0% used [0x00000000eae00000,0x00000000eae00000,0x00000000eee00000)
  from space 7168K, 0% used [0x00000000eee00000,0x00000000eee00000,0x00000000ef500000)
  to   space 6656K, 0% used [0x00000000ef580000,0x00000000ef580000,0x00000000efc00000)
 ParOldGen       total 42496K, used 11690K [0x00000000c0a00000, 0x00000000c3380000, 0x00000000eae00000)
  object space 42496K, 27% used [0x00000000c0a00000,0x00000000c156aa88,0x00000000c3380000)
 Metaspace       used 20663K, capacity 21114K, committed 21296K, reserved 1069056K
  class space    used 2501K, capacity 2653K, committed 2688K, reserved 1048576K
}
Event: 6.509 GC heap before
{Heap before GC invocations=9 (full 1):
 PSYoungGen      total 72704K, used 65536K [0x00000000eae00000, 0x00000000efc00000, 0x0000000100000000)
  eden space 65536K, 100% used [0x00000000eae00000,0x00000000eee00000,0x00000000eee00000)
  from space 7168K, 0% used [0x00000000eee00000,0x00000000eee00000,0x00000000ef500000)
  to   space 6656K, 0% used [0x00000000ef580000,0x00000000ef580000,0x00000000efc00000)
 ParOldGen       total 42496K, used 11690K [0x00000000c0a00000, 0x00000000c3380000, 0x00000000eae00000)
  object space 42496K, 27% used [0x00000000c0a00000,0x00000000c156aa88,0x00000000c3380000)
 Metaspace       used 24198K, capacity 24848K, committed 25216K, reserved 1071104K
  class space    used 2904K, capacity 3088K, committed 3200K, reserved 1048576K
Event: 6.540 GC heap after
Heap after GC invocations=9 (full 1):
 PSYoungGen      total 72192K, used 6647K [0x00000000eae00000, 0x00000000efc00000, 0x0000000100000000)
  eden space 65536K, 0% used [0x00000000eae00000,0x00000000eae00000,0x00000000eee00000)
  from space 6656K, 99% used [0x00000000ef580000,0x00000000efbfde98,0x00000000efc00000)
  to   space 7168K, 0% used [0x00000000eee00000,0x00000000eee00000,0x00000000ef500000)
 ParOldGen       total 42496K, used 17427K [0x00000000c0a00000, 0x00000000c3380000, 0x00000000eae00000)
  object space 42496K, 41% used [0x00000000c0a00000,0x00000000c1b04eb0,0x00000000c3380000)
 Metaspace       used 24198K, capacity 24848K, committed 25216K, reserved 1071104K
  class space    used 2904K, capacity 3088K, committed 3200K, reserved 1048576K
}
Event: 7.694 GC heap before
{Heap before GC invocations=10 (full 1):
 PSYoungGen      total 72192K, used 72183K [0x00000000eae00000, 0x00000000efc00000, 0x0000000100000000)
  eden space 65536K, 100% used [0x00000000eae00000,0x00000000eee00000,0x00000000eee00000)
  from space 6656K, 99% used [0x00000000ef580000,0x00000000efbfde98,0x00000000efc00000)
  to   space 7168K, 0% used [0x00000000eee00000,0x00000000eee00000,0x00000000ef500000)
 ParOldGen       total 42496K, used 17427K [0x00000000c0a00000, 0x00000000c3380000, 0x00000000eae00000)
  object space 42496K, 41% used [0x00000000c0a00000,0x00000000c1b04eb0,0x00000000c3380000)
 Metaspace       used 29261K, capacity 29876K, committed 30080K, reserved 1075200K
  class space    used 3472K, capacity 3655K, committed 3712K, reserved 1048576K
Event: 7.718 GC heap after
Heap after GC invocations=10 (full 1):
 PSYoungGen      total 72704K, used 7159K [0x00000000eae00000, 0x00000000efc00000, 0x0000000100000000)
  eden space 65536K, 0% used [0x00000000eae00000,0x00000000eae00000,0x00000000eee00000)
  from space 7168K, 99% used [0x00000000eee00000,0x00000000ef4fde88,0x00000000ef500000)
  to   space 6656K, 0% used [0x00000000ef580000,0x00000000ef580000,0x00000000efc00000)
 ParOldGen       total 42496K, used 29225K [0x00000000c0a00000, 0x00000000c3380000, 0x00000000eae00000)
  object space 42496K, 68% used [0x00000000c0a00000,0x00000000c268a458,0x00000000c3380000)
 Metaspace       used 29261K, capacity 29876K, committed 30080K, reserved 1075200K
  class space    used 3472K, capacity 3655K, committed 3712K, reserved 1048576K
}

