# JRE version: Java(TM) SE Runtime Environment (8.0_191-b12) (build 1.8.0_191-b12)
# Java VM: Java HotSpot(TM) 64-Bit Server VM (25.191-b12 mixed mode windows-amd64 compressed oops)
Heap:
 PSYoungGen      total 264192K, used 69724K [0x00000000eae00000, 0x00000000fce00000, 0x0000000100000000)
  eden space 233472K, 16% used [0x00000000eae00000,0x00000000ed4181a8,0x00000000f9200000)
  from space 30720K, 99% used [0x00000000fb000000,0x00000000fcdff0c0,0x00000000fce00000)
  to   space 22016K, 0% used [0x00000000f9200000,0x00000000f9200000,0x00000000fa780000)
 ParOldGen       total 76288K, used 59796K [0x00000000c0a00000, 0x00000000c5480000, 0x00000000eae00000)
  object space 76288K, 78% used [0x00000000c0a00000,0x00000000c4465148,0x00000000c5480000)
 Metaspace       used 29892K, capacity 30610K, committed 30976K, reserved 1077248K
  class space    used 3536K, capacity 3725K, committed 3840K, reserved 1048576K
GC Heap History (10 events):
Event: 53.970 GC heap before
{Heap before GC invocations=8 (full 1):
 PSYoungGen      total 139776K, used 131072K [0x00000000eae00000, 0x00000000f4000000, 0x0000000100000000)
  eden space 131072K, 100% used [0x00000000eae00000,0x00000000f2e00000,0x00000000f2e00000)
  from space 8704K, 0% used [0x00000000f3780000,0x00000000f3780000,0x00000000f4000000)
  to   space 9216K, 0% used [0x00000000f2e00000,0x00000000f2e00000,0x00000000f3700000)
 ParOldGen       total 40960K, used 13992K [0x00000000c0a00000, 0x00000000c3200000, 0x00000000eae00000)
  object space 40960K, 34% used [0x00000000c0a00000,0x00000000c17aa2f8,0x00000000c3200000)
 Metaspace       used 29407K, capacity 30084K, committed 30336K, reserved 1075200K
  class space    used 3474K, capacity 3655K, committed 3712K, reserved 1048576K
Event: 54.878 GC heap after
Heap after GC invocations=8 (full 1):
 PSYoungGen      total 140288K, used 9196K [0x00000000eae00000, 0x00000000fbd00000, 0x0000000100000000)
  eden space 131072K, 0% used [0x00000000eae00000,0x00000000eae00000,0x00000000f2e00000)
  from space 9216K, 99% used [0x00000000f2e00000,0x00000000f36fb280,0x00000000f3700000)
  to   space 17920K, 0% used [0x00000000fab80000,0x00000000fab80000,0x00000000fbd00000)
 ParOldGen       total 40960K, used 28667K [0x00000000c0a00000, 0x00000000c3200000, 0x00000000eae00000)
  object space 40960K, 69% used [0x00000000c0a00000,0x00000000c25fee10,0x00000000c3200000)
 Metaspace       used 29407K, capacity 30084K, committed 30336K, reserved 1075200K
  class space    used 3474K, capacity 3655K, committed 3712K, reserved 1048576K
}
Event: 54.878 GC heap before
{Heap before GC invocations=9 (full 2):
 PSYoungGen      total 140288K, used 9196K [0x00000000eae00000, 0x00000000fbd00000, 0x0000000100000000)
  eden space 131072K, 0% used [0x00000000eae00000,0x00000000eae00000,0x00000000f2e00000)
  from space 9216K, 99% used [0x00000000f2e00000,0x00000000f36fb280,0x00000000f3700000)
  to   space 17920K, 0% used [0x00000000fab80000,0x00000000fab80000,0x00000000fbd00000)
 ParOldGen       total 40960K, used 28667K [0x00000000c0a00000, 0x00000000c3200000, 0x00000000eae00000)
  object space 40960K, 69% used [0x00000000c0a00000,0x00000000c25fee10,0x00000000c3200000)
 Metaspace       used 29407K, capacity 30084K, committed 30336K, reserved 1075200K
  class space    used 3474K, capacity 3655K, committed 3712K, reserved 1048576K
Event: 55.986 GC heap after
Heap after GC invocations=9 (full 2):
 PSYoungGen      total 140288K, used 0K [0x00000000eae00000, 0x00000000fbd00000, 0x0000000100000000)
  eden space 131072K, 0% used [0x00000000eae00000,0x00000000eae00000,0x00000000f2e00000)
  from space 9216K, 0% used [0x00000000f2e00000,0x00000000f2e00000,0x00000000f3700000)
  to   space 17920K, 0% used [0x00000000fab80000,0x00000000fab80000,0x00000000fbd00000)
 ParOldGen       total 76288K, used 32428K [0x00000000c0a00000, 0x00000000c5480000, 0x00000000eae00000)
  object space 76288K, 42% used [0x00000000c0a00000,0x00000000c29ab3b8,0x00000000c5480000)
 Metaspace       used 29407K, capacity 30084K, committed 30336K, reserved 1075200K
  class space    used 3474K, capacity 3655K, committed 3712K, reserved 1048576K
}
Event: 61.063 GC heap before
{Heap before GC invocations=10 (full 2):
 PSYoungGen      total 140288K, used 131072K [0x00000000eae00000, 0x00000000fbd00000, 0x0000000100000000)
  eden space 131072K, 100% used [0x00000000eae00000,0x00000000f2e00000,0x00000000f2e00000)
  from space 9216K, 0% used [0x00000000f2e00000,0x00000000f2e00000,0x00000000f3700000)
  to   space 17920K, 0% used [0x00000000fab80000,0x00000000fab80000,0x00000000fbd00000)
 ParOldGen       total 76288K, used 32428K [0x00000000c0a00000, 0x00000000c5480000, 0x00000000eae00000)
  object space 76288K, 42% used [0x00000000c0a00000,0x00000000c29ab3b8,0x00000000c5480000)
 Metaspace       used 29422K, capacity 30084K, committed 30336K, reserved 1075200K
  class space    used 3474K, capacity 3655K, committed 3712K, reserved 1048576K
Event: 61.138 GC heap after
Heap after GC invocations=10 (full 2):
 PSYoungGen      total 205824K, used 17899K [0x00000000eae00000, 0x00000000fbd00000, 0x0000000100000000)
  eden space 187904K, 0% used [0x00000000eae00000,0x00000000eae00000,0x00000000f6580000)
  from space 17920K, 99% used [0x00000000fab80000,0x00000000fbcfac68,0x00000000fbd00000)
  to   space 22016K, 0% used [0x00000000f9200000,0x00000000f9200000,0x00000000fa780000)
 ParOldGen       total 76288K, used 35210K [0x00000000c0a00000, 0x00000000c5480000, 0x00000000eae00000)
  object space 76288K, 46% used [0x00000000c0a00000,0x00000000c2c62a58,0x00000000c5480000)
 Metaspace       used 29422K, capacity 30084K, committed 30336K, reserved 1075200K
  class space    used 3474K, capacity 3655K, committed 3712K, reserved 1048576K
}
Event: 71.234 GC heap before
{Heap before GC invocations=11 (full 2):
 PSYoungGen      total 205824K, used 205803K [0x00000000eae00000, 0x00000000fbd00000, 0x0000000100000000)
  eden space 187904K, 100% used [0x00000000eae00000,0x00000000f6580000,0x00000000f6580000)
  from space 17920K, 99% used [0x00000000fab80000,0x00000000fbcfac68,0x00000000fbd00000)
  to   space 22016K, 0% used [0x00000000f9200000,0x00000000f9200000,0x00000000fa780000)
 ParOldGen       total 76288K, used 35210K [0x00000000c0a00000, 0x00000000c5480000, 0x00000000eae00000)
  object space 76288K, 46% used [0x00000000c0a00000,0x00000000c2c62a58,0x00000000c5480000)
 Metaspace       used 29439K, capacity 30126K, committed 30336K, reserved 1075200K
  class space    used 3477K, capacity 3689K, committed 3712K, reserved 1048576K
Event: 71.339 GC heap after
Heap after GC invocations=11 (full 2):
 PSYoungGen      total 255488K, used 22005K [0x00000000eae00000, 0x00000000fce00000, 0x0000000100000000)
  eden space 233472K, 0% used [0x00000000eae00000,0x00000000eae00000,0x00000000f9200000)
  from space 22016K, 99% used [0x00000000f9200000,0x00000000fa77d760,0x00000000fa780000)
  to   space 30720K, 0% used [0x00000000fb000000,0x00000000fb000000,0x00000000fce00000)
 ParOldGen       total 76288K, used 46825K [0x00000000c0a00000, 0x00000000c5480000, 0x00000000eae00000)
  object space 76288K, 61% used [0x00000000c0a00000,0x00000000c37ba4a8,0x00000000c5480000)
 Metaspace       used 29439K, capacity 30126K, committed 30336K, reserved 1075200K
  class space    used 3477K, capacity 3689K, committed 3712K, reserved 1048576K
}
Event: 83.059 GC heap before
{Heap before GC invocations=12 (full 2):
 PSYoungGen      total 255488K, used 255477K [0x00000000eae00000, 0x00000000fce00000, 0x0000000100000000)
  eden space 233472K, 100% used [0x00000000eae00000,0x00000000f9200000,0x00000000f9200000)
  from space 22016K, 99% used [0x00000000f9200000,0x00000000fa77d760,0x00000000fa780000)
  to   space 30720K, 0% used [0x00000000fb000000,0x00000000fb000000,0x00000000fce00000)
 ParOldGen       total 76288K, used 46825K [0x00000000c0a00000, 0x00000000c5480000, 0x00000000eae00000)
  object space 76288K, 61% used [0x00000000c0a00000,0x00000000c37ba4a8,0x00000000c5480000)
 Metaspace       used 29450K, capacity 30126K, committed 30336K, reserved 1075200K
  class space    used 3479K, capacity 3689K, committed 3712K, reserved 1048576K
Event: 83.220 GC heap after
Heap after GC invocations=12 (full 2):
 PSYoungGen      total 264192K, used 30716K [0x00000000eae00000, 0x00000000fce00000, 0x0000000100000000)
  eden space 233472K, 0% used [0x00000000eae00000,0x00000000eae00000,0x00000000f9200000)
  from space 30720K, 99% used [0x00000000fb000000,0x00000000fcdff0c0,0x00000000fce00000)
  to   space 22016K, 0% used [0x00000000f9200000,0x00000000f9200000,0x00000000fa780000)
 ParOldGen       total 76288K, used 59796K [0x00000000c0a00000, 0x00000000c5480000, 0x00000000eae00000)
  object space 76288K, 78% used [0x00000000c0a00000,0x00000000c4465148,0x00000000c5480000)
 Metaspace       used 29450K, capacity 30126K, committed 30336K, reserved 1075200K
  class space    used 3479K, capacity 3689K, committed 3712K, reserved 1048576K
}

