# JRE version: Java(TM) SE Runtime Environment (8.0_191-b12) (build 1.8.0_191-b12)
# Java VM: Java HotSpot(TM) 64-Bit Server VM (25.191-b12 mixed mode windows-amd64 compressed oops)
Heap:
 PSYoungGen      total 140800K, used 76812K [0x00000000eae00000, 0x00000000f4900000, 0x0000000100000000)
  eden space 122880K, 62% used [0x00000000eae00000,0x00000000ef903390,0x00000000f2600000)
  from space 17920K, 0% used [0x00000000f3780000,0x00000000f3780000,0x00000000f4900000)
  to   space 11264K, 0% used [0x00000000f2900000,0x00000000f2900000,0x00000000f3400000)
 ParOldGen       total 42496K, used 38612K [0x00000000c0a00000, 0x00000000c3380000, 0x00000000eae00000)
  object space 42496K, 90% used [0x00000000c0a00000,0x00000000c2fb5338,0x00000000c3380000)
 Metaspace       used 41475K, capacity 42210K, committed 42624K, reserved 1087488K
  class space    used 4998K, capacity 5217K, committed 5248K, reserved 1048576K
GC Heap History (10 events):
Event: 10.583 GC heap before
{Heap before GC invocations=12 (full 2):
 PSYoungGen      total 140800K, used 17916K [0x00000000eae00000, 0x00000000f4900000, 0x0000000100000000)
  eden space 122880K, 0% used [0x00000000eae00000,0x00000000eae00000,0x00000000f2600000)
  from space 17920K, 99% used [0x00000000f3780000,0x00000000f48ff360,0x00000000f4900000)
  to   space 11264K, 0% used [0x00000000f2900000,0x00000000f2900000,0x00000000f3400000)
 ParOldGen       total 42496K, used 37256K [0x00000000c0a00000, 0x00000000c3380000, 0x00000000eae00000)
  object space 42496K, 87% used [0x00000000c0a00000,0x00000000c2e62278,0x00000000c3380000)
 Metaspace       used 28802K, capacity 29440K, committed 29824K, reserved 1075200K
  class space    used 3422K, capacity 3591K, committed 3712K, reserved 1048576K
Event: 10.695 GC heap after
Heap after GC invocations=12 (full 2):
 PSYoungGen      total 140800K, used 0K [0x00000000eae00000, 0x00000000f4900000, 0x0000000100000000)
  eden space 122880K, 0% used [0x00000000eae00000,0x00000000eae00000,0x00000000f2600000)
  from space 17920K, 0% used [0x00000000f3780000,0x00000000f3780000,0x00000000f4900000)
  to   space 11264K, 0% used [0x00000000f2900000,0x00000000f2900000,0x00000000f3400000)
 ParOldGen       total 42496K, used 41577K [0x00000000c0a00000, 0x00000000c3380000, 0x00000000eae00000)
  object space 42496K, 97% used [0x00000000c0a00000,0x00000000c329a7e0,0x00000000c3380000)
 Metaspace       used 28802K, capacity 29440K, committed 29824K, reserved 1075200K
  class space    used 3422K, capacity 3591K, committed 3712K, reserved 1048576K
}
Event: 11.465 GC heap before
{Heap before GC invocations=13 (full 3):
 PSYoungGen      total 140800K, used 122880K [0x00000000eae00000, 0x00000000f4900000, 0x0000000100000000)
  eden space 122880K, 100% used [0x00000000eae00000,0x00000000f2600000,0x00000000f2600000)
  from space 17920K, 0% used [0x00000000f3780000,0x00000000f3780000,0x00000000f4900000)
  to   space 11264K, 0% used [0x00000000f2900000,0x00000000f2900000,0x00000000f3400000)
 ParOldGen       total 42496K, used 41577K [0x00000000c0a00000, 0x00000000c3380000, 0x00000000eae00000)
  object space 42496K, 97% used [0x00000000c0a00000,0x00000000c329a7e0,0x00000000c3380000)
 Metaspace       used 28823K, capacity 29444K, committed 29824K, reserved 1075200K
  class space    used 3425K, capacity 3591K, committed 3712K, reserved 1048576K
Event: 11.760 GC heap after
Heap after GC invocations=13 (full 3):
 PSYoungGen      total 140800K, used 2674K [0x00000000eae00000, 0x00000000f4900000, 0x0000000100000000)
  eden space 122880K, 2% used [0x00000000eae00000,0x00000000eb09c898,0x00000000f2600000)
  from space 17920K, 0% used [0x00000000f3780000,0x00000000f3780000,0x00000000f4900000)
  to   space 11264K, 0% used [0x00000000f2900000,0x00000000f2900000,0x00000000f3400000)
 ParOldGen       total 42496K, used 42427K [0x00000000c0a00000, 0x00000000c3380000, 0x00000000eae00000)
  object space 42496K, 99% used [0x00000000c0a00000,0x00000000c336ee78,0x00000000c3380000)
 Metaspace       used 28823K, capacity 29444K, committed 29824K, reserved 1075200K
  class space    used 3425K, capacity 3591K, committed 3712K, reserved 1048576K
}
Event: 12.448 GC heap before
{Heap before GC invocations=14 (full 4):
 PSYoungGen      total 140800K, used 122880K [0x00000000eae00000, 0x00000000f4900000, 0x0000000100000000)
  eden space 122880K, 100% used [0x00000000eae00000,0x00000000f2600000,0x00000000f2600000)
  from space 17920K, 0% used [0x00000000f3780000,0x00000000f3780000,0x00000000f4900000)
  to   space 11264K, 0% used [0x00000000f2900000,0x00000000f2900000,0x00000000f3400000)
 ParOldGen       total 42496K, used 42427K [0x00000000c0a00000, 0x00000000c3380000, 0x00000000eae00000)
  object space 42496K, 99% used [0x00000000c0a00000,0x00000000c336ee78,0x00000000c3380000)
 Metaspace       used 28825K, capacity 29444K, committed 29824K, reserved 1075200K
  class space    used 3425K, capacity 3591K, committed 3712K, reserved 1048576K
Event: 12.658 GC heap after
Heap after GC invocations=14 (full 4):
 PSYoungGen      total 140800K, used 3152K [0x00000000eae00000, 0x00000000f4900000, 0x0000000100000000)
  eden space 122880K, 2% used [0x00000000eae00000,0x00000000eb114280,0x00000000f2600000)
  from space 17920K, 0% used [0x00000000f3780000,0x00000000f3780000,0x00000000f4900000)
  to   space 11264K, 0% used [0x00000000f2900000,0x00000000f2900000,0x00000000f3400000)
 ParOldGen       total 42496K, used 42473K [0x00000000c0a00000, 0x00000000c3380000, 0x00000000eae00000)
  object space 42496K, 99% used [0x00000000c0a00000,0x00000000c337a6a8,0x00000000c3380000)
 Metaspace       used 28825K, capacity 29444K, committed 29824K, reserved 1075200K
  class space    used 3425K, capacity 3591K, committed 3712K, reserved 1048576K
}
Event: 13.270 GC heap before
{Heap before GC invocations=15 (full 5):
 PSYoungGen      total 140800K, used 122880K [0x00000000eae00000, 0x00000000f4900000, 0x0000000100000000)
  eden space 122880K, 100% used [0x00000000eae00000,0x00000000f2600000,0x00000000f2600000)
  from space 17920K, 0% used [0x00000000f3780000,0x00000000f3780000,0x00000000f4900000)
  to   space 11264K, 0% used [0x00000000f2900000,0x00000000f2900000,0x00000000f3400000)
 ParOldGen       total 42496K, used 42473K [0x00000000c0a00000, 0x00000000c3380000, 0x00000000eae00000)
  object space 42496K, 99% used [0x00000000c0a00000,0x00000000c337a6a8,0x00000000c3380000)
 Metaspace       used 28826K, capacity 29444K, committed 29824K, reserved 1075200K
  class space    used 3425K, capacity 3591K, committed 3712K, reserved 1048576K
Event: 13.472 GC heap after
Heap after GC invocations=15 (full 5):
 PSYoungGen      total 140800K, used 3662K [0x00000000eae00000, 0x00000000f4900000, 0x0000000100000000)
  eden space 122880K, 2% used [0x00000000eae00000,0x00000000eb193800,0x00000000f2600000)
  from space 17920K, 0% used [0x00000000f3780000,0x00000000f3780000,0x00000000f4900000)
  to   space 11264K, 0% used [0x00000000f2900000,0x00000000f2900000,0x00000000f3400000)
 ParOldGen       total 42496K, used 42435K [0x00000000c0a00000, 0x00000000c3380000, 0x00000000eae00000)
  object space 42496K, 99% used [0x00000000c0a00000,0x00000000c3370ca8,0x00000000c3380000)
 Metaspace       used 28826K, capacity 29444K, committed 29824K, reserved 1075200K
  class space    used 3425K, capacity 3591K, committed 3712K, reserved 1048576K
}
Event: 15.228 GC heap before
{Heap before GC invocations=16 (full 6):
 PSYoungGen      total 140800K, used 122880K [0x00000000eae00000, 0x00000000f4900000, 0x0000000100000000)
  eden space 122880K, 100% used [0x00000000eae00000,0x00000000f2600000,0x00000000f2600000)
  from space 17920K, 0% used [0x00000000f3780000,0x00000000f3780000,0x00000000f4900000)
  to   space 11264K, 0% used [0x00000000f2900000,0x00000000f2900000,0x00000000f3400000)
 ParOldGen       total 42496K, used 42435K [0x00000000c0a00000, 0x00000000c3380000, 0x00000000eae00000)
  object space 42496K, 99% used [0x00000000c0a00000,0x00000000c3370ca8,0x00000000c3380000)
 Metaspace       used 37466K, capacity 38214K, committed 38528K, reserved 1083392K
  class space    used 4482K, capacity 4699K, committed 4736K, reserved 1048576K
Event: 15.394 GC heap after
Heap after GC invocations=16 (full 6):
 PSYoungGen      total 140800K, used 0K [0x00000000eae00000, 0x00000000f4900000, 0x0000000100000000)
  eden space 122880K, 0% used [0x00000000eae00000,0x00000000eae00000,0x00000000f2600000)
  from space 17920K, 0% used [0x00000000f3780000,0x00000000f3780000,0x00000000f4900000)
  to   space 11264K, 0% used [0x00000000f2900000,0x00000000f2900000,0x00000000f3400000)
 ParOldGen       total 42496K, used 38612K [0x00000000c0a00000, 0x00000000c3380000, 0x00000000eae00000)
  object space 42496K, 90% used [0x00000000c0a00000,0x00000000c2fb5338,0x00000000c3380000)
 Metaspace       used 37466K, capacity 38214K, committed 38528K, reserved 1083392K
  class space    used 4482K, capacity 4699K, committed 4736K, reserved 1048576K
}

