# JRE version: Java(TM) SE Runtime Environment (8.0_191-b12) (build 1.8.0_191-b12)
# Java VM: Java HotSpot(TM) 64-Bit Server VM (25.191-b12 mixed mode windows-amd64 compressed oops)
Heap:
 PSYoungGen      total 140288K, used 18410K [0x00000000eae00000, 0x00000000f8e00000, 0x0000000100000000)
  eden space 121856K, 0% used [0x00000000eae00000,0x00000000eae00000,0x00000000f2500000)
  from space 18432K, 99% used [0x00000000f3e00000,0x00000000f4ffa890,0x00000000f5000000)
  to   space 25600K, 0% used [0x00000000f2500000,0x00000000f2500000,0x00000000f3e00000)
 ParOldGen       total 40960K, used 39896K [0x00000000c0a00000, 0x00000000c3200000, 0x00000000eae00000)
  object space 40960K, 97% used [0x00000000c0a00000,0x00000000c30f62e8,0x00000000c3200000)
 Metaspace       used 28817K, capacity 29450K, committed 29824K, reserved 1075200K
  class space    used 3426K, capacity 3593K, committed 3712K, reserved 1048576K
GC Heap History (10 events):
Event: 4.643 GC heap after
Heap after GC invocations=7 (full 0):
 PSYoungGen      total 72704K, used 7159K [0x00000000eae00000, 0x00000000f3f00000, 0x0000000100000000)
  eden space 65536K, 0% used [0x00000000eae00000,0x00000000eae00000,0x00000000eee00000)
  from space 7168K, 99% used [0x00000000eee00000,0x00000000ef4fdc20,0x00000000ef500000)
  to   space 8704K, 0% used [0x00000000f3680000,0x00000000f3680000,0x00000000f3f00000)
 ParOldGen       total 44032K, used 13088K [0x00000000c0a00000, 0x00000000c3500000, 0x00000000eae00000)
  object space 44032K, 29% used [0x00000000c0a00000,0x00000000c16c8158,0x00000000c3500000)
 Metaspace       used 20614K, capacity 21126K, committed 21296K, reserved 1069056K
  class space    used 2493K, capacity 2653K, committed 2688K, reserved 1048576K
}
Event: 4.643 GC heap before
{Heap before GC invocations=8 (full 1):
 PSYoungGen      total 72704K, used 7159K [0x00000000eae00000, 0x00000000f3f00000, 0x0000000100000000)
  eden space 65536K, 0% used [0x00000000eae00000,0x00000000eae00000,0x00000000eee00000)
  from space 7168K, 99% used [0x00000000eee00000,0x00000000ef4fdc20,0x00000000ef500000)
  to   space 8704K, 0% used [0x00000000f3680000,0x00000000f3680000,0x00000000f3f00000)
 ParOldGen       total 44032K, used 13088K [0x00000000c0a00000, 0x00000000c3500000, 0x00000000eae00000)
  object space 44032K, 29% used [0x00000000c0a00000,0x00000000c16c8158,0x00000000c3500000)
 Metaspace       used 20614K, capacity 21126K, committed 21296K, reserved 1069056K
  class space    used 2493K, capacity 2653K, committed 2688K, reserved 1048576K
Event: 4.724 GC heap after
Heap after GC invocations=8 (full 1):
 PSYoungGen      total 72704K, used 0K [0x00000000eae00000, 0x00000000f3f00000, 0x0000000100000000)
  eden space 65536K, 0% used [0x00000000eae00000,0x00000000eae00000,0x00000000eee00000)
  from space 7168K, 0% used [0x00000000eee00000,0x00000000eee00000,0x00000000ef500000)
  to   space 8704K, 0% used [0x00000000f3680000,0x00000000f3680000,0x00000000f3f00000)
 ParOldGen       total 40960K, used 11473K [0x00000000c0a00000, 0x00000000c3200000, 0x00000000eae00000)
  object space 40960K, 28% used [0x00000000c0a00000,0x00000000c15344a8,0x00000000c3200000)
 Metaspace       used 20614K, capacity 21126K, committed 21296K, reserved 1069056K
  class space    used 2493K, capacity 2653K, committed 2688K, reserved 1048576K
}
Event: 6.125 GC heap before
{Heap before GC invocations=9 (full 1):
 PSYoungGen      total 72704K, used 65536K [0x00000000eae00000, 0x00000000f3f00000, 0x0000000100000000)
  eden space 65536K, 100% used [0x00000000eae00000,0x00000000eee00000,0x00000000eee00000)
  from space 7168K, 0% used [0x00000000eee00000,0x00000000eee00000,0x00000000ef500000)
  to   space 8704K, 0% used [0x00000000f3680000,0x00000000f3680000,0x00000000f3f00000)
 ParOldGen       total 40960K, used 11473K [0x00000000c0a00000, 0x00000000c3200000, 0x00000000eae00000)
  object space 40960K, 28% used [0x00000000c0a00000,0x00000000c15344a8,0x00000000c3200000)
 Metaspace       used 23799K, capacity 24412K, committed 24576K, reserved 1071104K
  class space    used 2868K, capacity 3024K, committed 3072K, reserved 1048576K
Event: 6.144 GC heap after
Heap after GC invocations=9 (full 1):
 PSYoungGen      total 107008K, used 8688K [0x00000000eae00000, 0x00000000f3f00000, 0x0000000100000000)
  eden space 98304K, 0% used [0x00000000eae00000,0x00000000eae00000,0x00000000f0e00000)
  from space 8704K, 99% used [0x00000000f3680000,0x00000000f3efc320,0x00000000f3f00000)
  to   space 11264K, 0% used [0x00000000f2900000,0x00000000f2900000,0x00000000f3400000)
 ParOldGen       total 40960K, used 14658K [0x00000000c0a00000, 0x00000000c3200000, 0x00000000eae00000)
  object space 40960K, 35% used [0x00000000c0a00000,0x00000000c1850878,0x00000000c3200000)
 Metaspace       used 23799K, capacity 24412K, committed 24576K, reserved 1071104K
  class space    used 2868K, capacity 3024K, committed 3072K, reserved 1048576K
}
Event: 7.593 GC heap before
{Heap before GC invocations=10 (full 1):
 PSYoungGen      total 107008K, used 106992K [0x00000000eae00000, 0x00000000f3f00000, 0x0000000100000000)
  eden space 98304K, 100% used [0x00000000eae00000,0x00000000f0e00000,0x00000000f0e00000)
  from space 8704K, 99% used [0x00000000f3680000,0x00000000f3efc320,0x00000000f3f00000)
  to   space 11264K, 0% used [0x00000000f2900000,0x00000000f2900000,0x00000000f3400000)
 ParOldGen       total 40960K, used 14658K [0x00000000c0a00000, 0x00000000c3200000, 0x00000000eae00000)
  object space 40960K, 35% used [0x00000000c0a00000,0x00000000c1850878,0x00000000c3200000)
 Metaspace       used 28787K, capacity 29440K, committed 29824K, reserved 1075200K
  class space    used 3423K, capacity 3591K, committed 3712K, reserved 1048576K
Event: 7.624 GC heap after
Heap after GC invocations=10 (full 1):
 PSYoungGen      total 137216K, used 11256K [0x00000000eae00000, 0x00000000f5000000, 0x0000000100000000)
  eden space 125952K, 0% used [0x00000000eae00000,0x00000000eae00000,0x00000000f2900000)
  from space 11264K, 99% used [0x00000000f2900000,0x00000000f33fe1f0,0x00000000f3400000)
  to   space 18432K, 0% used [0x00000000f3e00000,0x00000000f3e00000,0x00000000f5000000)
 ParOldGen       total 40960K, used 28170K [0x00000000c0a00000, 0x00000000c3200000, 0x00000000eae00000)
  object space 40960K, 68% used [0x00000000c0a00000,0x00000000c2582a48,0x00000000c3200000)
 Metaspace       used 28787K, capacity 29440K, committed 29824K, reserved 1075200K
  class space    used 3423K, capacity 3591K, committed 3712K, reserved 1048576K
}
Event: 8.282 GC heap before
{Heap before GC invocations=11 (full 1):
 PSYoungGen      total 137216K, used 137208K [0x00000000eae00000, 0x00000000f5000000, 0x0000000100000000)
  eden space 125952K, 100% used [0x00000000eae00000,0x00000000f2900000,0x00000000f2900000)
  from space 11264K, 99% used [0x00000000f2900000,0x00000000f33fe1f0,0x00000000f3400000)
  to   space 18432K, 0% used [0x00000000f3e00000,0x00000000f3e00000,0x00000000f5000000)
 ParOldGen       total 40960K, used 28170K [0x00000000c0a00000, 0x00000000c3200000, 0x00000000eae00000)
  object space 40960K, 68% used [0x00000000c0a00000,0x00000000c2582a48,0x00000000c3200000)
 Metaspace       used 28817K, capacity 29450K, committed 29824K, reserved 1075200K
  class space    used 3426K, capacity 3593K, committed 3712K, reserved 1048576K
Event: 8.353 GC heap after
Heap after GC invocations=11 (full 1):
 PSYoungGen      total 140288K, used 18410K [0x00000000eae00000, 0x00000000f8e00000, 0x0000000100000000)
  eden space 121856K, 0% used [0x00000000eae00000,0x00000000eae00000,0x00000000f2500000)
  from space 18432K, 99% used [0x00000000f3e00000,0x00000000f4ffa890,0x00000000f5000000)
  to   space 25600K, 0% used [0x00000000f2500000,0x00000000f2500000,0x00000000f3e00000)
 ParOldGen       total 40960K, used 39896K [0x00000000c0a00000, 0x00000000c3200000, 0x00000000eae00000)
  object space 40960K, 97% used [0x00000000c0a00000,0x00000000c30f62e8,0x00000000c3200000)
 Metaspace       used 28817K, capacity 29450K, committed 29824K, reserved 1075200K
  class space    used 3426K, capacity 3593K, committed 3712K, reserved 1048576K
}
Event: 8.353 GC heap before
{Heap before GC invocations=12 (full 2):
 PSYoungGen      total 140288K, used 18410K [0x00000000eae00000, 0x00000000f8e00000, 0x0000000100000000)
  eden space 121856K, 0% used [0x00000000eae00000,0x00000000eae00000,0x00000000f2500000)
  from space 18432K, 99% used [0x00000000f3e00000,0x00000000f4ffa890,0x00000000f5000000)
  to   space 25600K, 0% used [0x00000000f2500000,0x00000000f2500000,0x00000000f3e00000)
 ParOldGen       total 40960K, used 39896K [0x00000000c0a00000, 0x00000000c3200000, 0x00000000eae00000)
  object space 40960K, 97% used [0x00000000c0a00000,0x00000000c30f62e8,0x00000000c3200000)
 Metaspace       used 28817K, capacity 29450K, committed 29824K, reserved 1075200K
  class space    used 3426K, capacity 3593K, committed 3712K, reserved 1048576K

