# JRE version: Java(TM) SE Runtime Environment (8.0_191-b12) (build 1.8.0_191-b12)
# Java VM: Java HotSpot(TM) 64-Bit Server VM (25.191-b12 mixed mode windows-amd64 compressed oops)
Heap:
 PSYoungGen      total 144896K, used 25371K [0x00000000eae00000, 0x00000000f5100000, 0x0000000100000000)
  eden space 125952K, 12% used [0x00000000eae00000,0x00000000ebd28388,0x00000000f2900000)
  from space 18944K, 51% used [0x00000000f3e80000,0x00000000f481ea58,0x00000000f5100000)
  to   space 11264K, 0% used [0x00000000f2900000,0x00000000f2900000,0x00000000f3400000)
 ParOldGen       total 41472K, used 41300K [0x00000000c0a00000, 0x00000000c3280000, 0x00000000eae00000)
  object space 41472K, 99% used [0x00000000c0a00000,0x00000000c3255288,0x00000000c3280000)
 Metaspace       used 28810K, capacity 29440K, committed 29824K, reserved 1075200K
  class space    used 3426K, capacity 3591K, committed 3712K, reserved 1048576K
GC Heap History (10 events):
Event: 5.087 GC heap before
{Heap before GC invocations=8 (full 1):
 PSYoungGen      total 72704K, used 7146K [0x00000000eae00000, 0x00000000f3f00000, 0x0000000100000000)
  eden space 65536K, 0% used [0x00000000eae00000,0x00000000eae00000,0x00000000eee00000)
  from space 7168K, 99% used [0x00000000eee00000,0x00000000ef4fabb0,0x00000000ef500000)
  to   space 8704K, 0% used [0x00000000f3680000,0x00000000f3680000,0x00000000f3f00000)
 ParOldGen       total 44032K, used 12838K [0x00000000c0a00000, 0x00000000c3500000, 0x00000000eae00000)
  object space 44032K, 29% used [0x00000000c0a00000,0x00000000c1689b18,0x00000000c3500000)
 Metaspace       used 20633K, capacity 21126K, committed 21296K, reserved 1069056K
  class space    used 2494K, capacity 2653K, committed 2688K, reserved 1048576K
Event: 5.170 GC heap after
Heap after GC invocations=8 (full 1):
 PSYoungGen      total 72704K, used 0K [0x00000000eae00000, 0x00000000f3f00000, 0x0000000100000000)
  eden space 65536K, 0% used [0x00000000eae00000,0x00000000eae00000,0x00000000eee00000)
  from space 7168K, 0% used [0x00000000eee00000,0x00000000eee00000,0x00000000ef500000)
  to   space 8704K, 0% used [0x00000000f3680000,0x00000000f3680000,0x00000000f3f00000)
 ParOldGen       total 41472K, used 11488K [0x00000000c0a00000, 0x00000000c3280000, 0x00000000eae00000)
  object space 41472K, 27% used [0x00000000c0a00000,0x00000000c1538178,0x00000000c3280000)
 Metaspace       used 20633K, capacity 21126K, committed 21296K, reserved 1069056K
  class space    used 2494K, capacity 2653K, committed 2688K, reserved 1048576K
}
Event: 6.539 GC heap before
{Heap before GC invocations=9 (full 1):
 PSYoungGen      total 72704K, used 65536K [0x00000000eae00000, 0x00000000f3f00000, 0x0000000100000000)
  eden space 65536K, 100% used [0x00000000eae00000,0x00000000eee00000,0x00000000eee00000)
  from space 7168K, 0% used [0x00000000eee00000,0x00000000eee00000,0x00000000ef500000)
  to   space 8704K, 0% used [0x00000000f3680000,0x00000000f3680000,0x00000000f3f00000)
 ParOldGen       total 41472K, used 11488K [0x00000000c0a00000, 0x00000000c3280000, 0x00000000eae00000)
  object space 41472K, 27% used [0x00000000c0a00000,0x00000000c1538178,0x00000000c3280000)
 Metaspace       used 23892K, capacity 24476K, committed 24576K, reserved 1071104K
  class space    used 2883K, capacity 3024K, committed 3072K, reserved 1048576K
Event: 6.562 GC heap after
Heap after GC invocations=9 (full 1):
 PSYoungGen      total 107008K, used 8676K [0x00000000eae00000, 0x00000000f3f00000, 0x0000000100000000)
  eden space 98304K, 0% used [0x00000000eae00000,0x00000000eae00000,0x00000000f0e00000)
  from space 8704K, 99% used [0x00000000f3680000,0x00000000f3ef9330,0x00000000f3f00000)
  to   space 11264K, 0% used [0x00000000f2900000,0x00000000f2900000,0x00000000f3400000)
 ParOldGen       total 41472K, used 14815K [0x00000000c0a00000, 0x00000000c3280000, 0x00000000eae00000)
  object space 41472K, 35% used [0x00000000c0a00000,0x00000000c1877d08,0x00000000c3280000)
 Metaspace       used 23892K, capacity 24476K, committed 24576K, reserved 1071104K
  class space    used 2883K, capacity 3024K, committed 3072K, reserved 1048576K
}
Event: 7.847 GC heap before
{Heap before GC invocations=10 (full 1):
 PSYoungGen      total 107008K, used 106980K [0x00000000eae00000, 0x00000000f3f00000, 0x0000000100000000)
  eden space 98304K, 100% used [0x00000000eae00000,0x00000000f0e00000,0x00000000f0e00000)
  from space 8704K, 99% used [0x00000000f3680000,0x00000000f3ef9330,0x00000000f3f00000)
  to   space 11264K, 0% used [0x00000000f2900000,0x00000000f2900000,0x00000000f3400000)
 ParOldGen       total 41472K, used 14815K [0x00000000c0a00000, 0x00000000c3280000, 0x00000000eae00000)
  object space 41472K, 35% used [0x00000000c0a00000,0x00000000c1877d08,0x00000000c3280000)
 Metaspace       used 28771K, capacity 29440K, committed 29824K, reserved 1075200K
  class space    used 3424K, capacity 3591K, committed 3712K, reserved 1048576K
Event: 7.875 GC heap after
Heap after GC invocations=10 (full 1):
 PSYoungGen      total 137216K, used 11256K [0x00000000eae00000, 0x00000000f5100000, 0x0000000100000000)
  eden space 125952K, 0% used [0x00000000eae00000,0x00000000eae00000,0x00000000f2900000)
  from space 11264K, 99% used [0x00000000f2900000,0x00000000f33fe220,0x00000000f3400000)
  to   space 18944K, 0% used [0x00000000f3e80000,0x00000000f3e80000,0x00000000f5100000)
 ParOldGen       total 41472K, used 29743K [0x00000000c0a00000, 0x00000000c3280000, 0x00000000eae00000)
  object space 41472K, 71% used [0x00000000c0a00000,0x00000000c270bd90,0x00000000c3280000)
 Metaspace       used 28771K, capacity 29440K, committed 29824K, reserved 1075200K
  class space    used 3424K, capacity 3591K, committed 3712K, reserved 1048576K
}
Event: 8.467 GC heap before
{Heap before GC invocations=11 (full 1):
 PSYoungGen      total 137216K, used 137208K [0x00000000eae00000, 0x00000000f5100000, 0x0000000100000000)
  eden space 125952K, 100% used [0x00000000eae00000,0x00000000f2900000,0x00000000f2900000)
  from space 11264K, 99% used [0x00000000f2900000,0x00000000f33fe220,0x00000000f3400000)
  to   space 18944K, 0% used [0x00000000f3e80000,0x00000000f3e80000,0x00000000f5100000)
 ParOldGen       total 41472K, used 29743K [0x00000000c0a00000, 0x00000000c3280000, 0x00000000eae00000)
  object space 41472K, 71% used [0x00000000c0a00000,0x00000000c270bd90,0x00000000c3280000)
 Metaspace       used 28794K, capacity 29440K, committed 29824K, reserved 1075200K
  class space    used 3424K, capacity 3591K, committed 3712K, reserved 1048576K
Event: 8.521 GC heap after
Heap after GC invocations=11 (full 1):
 PSYoungGen      total 144896K, used 18923K [0x00000000eae00000, 0x00000000f5100000, 0x0000000100000000)
  eden space 125952K, 0% used [0x00000000eae00000,0x00000000eae00000,0x00000000f2900000)
  from space 18944K, 99% used [0x00000000f3e80000,0x00000000f50faf40,0x00000000f5100000)
  to   space 11264K, 0% used [0x00000000f2900000,0x00000000f2900000,0x00000000f3400000)
 ParOldGen       total 41472K, used 39594K [0x00000000c0a00000, 0x00000000c3280000, 0x00000000eae00000)
  object space 41472K, 95% used [0x00000000c0a00000,0x00000000c30aa860,0x00000000c3280000)
 Metaspace       used 28794K, capacity 29440K, committed 29824K, reserved 1075200K
  class space    used 3424K, capacity 3591K, committed 3712K, reserved 1048576K
}
Event: 8.521 GC heap before
{Heap before GC invocations=12 (full 2):
 PSYoungGen      total 144896K, used 18923K [0x00000000eae00000, 0x00000000f5100000, 0x0000000100000000)
  eden space 125952K, 0% used [0x00000000eae00000,0x00000000eae00000,0x00000000f2900000)
  from space 18944K, 99% used [0x00000000f3e80000,0x00000000f50faf40,0x00000000f5100000)
  to   space 11264K, 0% used [0x00000000f2900000,0x00000000f2900000,0x00000000f3400000)
 ParOldGen       total 41472K, used 39594K [0x00000000c0a00000, 0x00000000c3280000, 0x00000000eae00000)
  object space 41472K, 95% used [0x00000000c0a00000,0x00000000c30aa860,0x00000000c3280000)
 Metaspace       used 28794K, capacity 29440K, committed 29824K, reserved 1075200K
  class space    used 3424K, capacity 3591K, committed 3712K, reserved 1048576K
Event: 8.805 GC heap after
Heap after GC invocations=12 (full 2):
 PSYoungGen      total 144896K, used 9850K [0x00000000eae00000, 0x00000000f5100000, 0x0000000100000000)
  eden space 125952K, 0% used [0x00000000eae00000,0x00000000eae00000,0x00000000f2900000)
  from space 18944K, 51% used [0x00000000f3e80000,0x00000000f481ea58,0x00000000f5100000)
  to   space 11264K, 0% used [0x00000000f2900000,0x00000000f2900000,0x00000000f3400000)
 ParOldGen       total 41472K, used 41300K [0x00000000c0a00000, 0x00000000c3280000, 0x00000000eae00000)
  object space 41472K, 99% used [0x00000000c0a00000,0x00000000c3255288,0x00000000c3280000)
 Metaspace       used 28794K, capacity 29440K, committed 29824K, reserved 1075200K
  class space    used 3424K, capacity 3591K, committed 3712K, reserved 1048576K
}

