# JRE version: Java(TM) SE Runtime Environment (8.0_191-b12) (build 1.8.0_191-b12)
# Java VM: Java HotSpot(TM) 64-Bit Server VM (25.191-b12 mixed mode windows-amd64 compressed oops)
Heap:
 PSYoungGen      total 141312K, used 87914K [0x00000000eae00000, 0x00000000f8a00000, 0x0000000100000000)
  eden space 122880K, 64% used [0x00000000eae00000,0x00000000efae6a10,0x00000000f2600000)
  from space 18432K, 49% used [0x00000000f3e80000,0x00000000f4774198,0x00000000f5080000)
  to   space 25088K, 0% used [0x00000000f2600000,0x00000000f2600000,0x00000000f3e80000)
 ParOldGen       total 42496K, used 42180K [0x00000000c0a00000, 0x00000000c3380000, 0x00000000eae00000)
  object space 42496K, 99% used [0x00000000c0a00000,0x00000000c3331270,0x00000000c3380000)
 Metaspace       used 28831K, capacity 29450K, committed 29824K, reserved 1075200K
  class space    used 3429K, capacity 3593K, committed 3712K, reserved 1048576K
GC Heap History (10 events):
Event: 6.909 GC heap before
{Heap before GC invocations=8 (full 1):
 PSYoungGen      total 72704K, used 7136K [0x00000000eae00000, 0x00000000f3f00000, 0x0000000100000000)
  eden space 65536K, 0% used [0x00000000eae00000,0x00000000eae00000,0x00000000eee00000)
  from space 7168K, 99% used [0x00000000eee00000,0x00000000ef4f8128,0x00000000ef500000)
  to   space 8704K, 0% used [0x00000000f3680000,0x00000000f3680000,0x00000000f3f00000)
 ParOldGen       total 44032K, used 13181K [0x00000000c0a00000, 0x00000000c3500000, 0x00000000eae00000)
  object space 44032K, 29% used [0x00000000c0a00000,0x00000000c16df738,0x00000000c3500000)
 Metaspace       used 20633K, capacity 21126K, committed 21296K, reserved 1069056K
  class space    used 2492K, capacity 2653K, committed 2688K, reserved 1048576K
Event: 7.013 GC heap after
Heap after GC invocations=8 (full 1):
 PSYoungGen      total 72704K, used 0K [0x00000000eae00000, 0x00000000f3f00000, 0x0000000100000000)
  eden space 65536K, 0% used [0x00000000eae00000,0x00000000eae00000,0x00000000eee00000)
  from space 7168K, 0% used [0x00000000eee00000,0x00000000eee00000,0x00000000ef500000)
  to   space 8704K, 0% used [0x00000000f3680000,0x00000000f3680000,0x00000000f3f00000)
 ParOldGen       total 42496K, used 13152K [0x00000000c0a00000, 0x00000000c3380000, 0x00000000eae00000)
  object space 42496K, 30% used [0x00000000c0a00000,0x00000000c16d81a8,0x00000000c3380000)
 Metaspace       used 20633K, capacity 21126K, committed 21296K, reserved 1069056K
  class space    used 2492K, capacity 2653K, committed 2688K, reserved 1048576K
}
Event: 8.977 GC heap before
{Heap before GC invocations=9 (full 1):
 PSYoungGen      total 72704K, used 65536K [0x00000000eae00000, 0x00000000f3f00000, 0x0000000100000000)
  eden space 65536K, 100% used [0x00000000eae00000,0x00000000eee00000,0x00000000eee00000)
  from space 7168K, 0% used [0x00000000eee00000,0x00000000eee00000,0x00000000ef500000)
  to   space 8704K, 0% used [0x00000000f3680000,0x00000000f3680000,0x00000000f3f00000)
 ParOldGen       total 42496K, used 13152K [0x00000000c0a00000, 0x00000000c3380000, 0x00000000eae00000)
  object space 42496K, 30% used [0x00000000c0a00000,0x00000000c16d81a8,0x00000000c3380000)
 Metaspace       used 23954K, capacity 24540K, committed 24832K, reserved 1071104K
  class space    used 2889K, capacity 3024K, committed 3072K, reserved 1048576K
Event: 9.013 GC heap after
Heap after GC invocations=9 (full 1):
 PSYoungGen      total 107008K, used 8688K [0x00000000eae00000, 0x00000000f3f00000, 0x0000000100000000)
  eden space 98304K, 0% used [0x00000000eae00000,0x00000000eae00000,0x00000000f0e00000)
  from space 8704K, 99% used [0x00000000f3680000,0x00000000f3efc320,0x00000000f3f00000)
  to   space 11264K, 0% used [0x00000000f2900000,0x00000000f2900000,0x00000000f3400000)
 ParOldGen       total 42496K, used 16542K [0x00000000c0a00000, 0x00000000c3380000, 0x00000000eae00000)
  object space 42496K, 38% used [0x00000000c0a00000,0x00000000c1a27b58,0x00000000c3380000)
 Metaspace       used 23954K, capacity 24540K, committed 24832K, reserved 1071104K
  class space    used 2889K, capacity 3024K, committed 3072K, reserved 1048576K
}
Event: 10.764 GC heap before
{Heap before GC invocations=10 (full 1):
 PSYoungGen      total 107008K, used 106992K [0x00000000eae00000, 0x00000000f3f00000, 0x0000000100000000)
  eden space 98304K, 100% used [0x00000000eae00000,0x00000000f0e00000,0x00000000f0e00000)
  from space 8704K, 99% used [0x00000000f3680000,0x00000000f3efc320,0x00000000f3f00000)
  to   space 11264K, 0% used [0x00000000f2900000,0x00000000f2900000,0x00000000f3400000)
 ParOldGen       total 42496K, used 16542K [0x00000000c0a00000, 0x00000000c3380000, 0x00000000eae00000)
  object space 42496K, 38% used [0x00000000c0a00000,0x00000000c1a27b58,0x00000000c3380000)
 Metaspace       used 28778K, capacity 29440K, committed 29824K, reserved 1075200K
  class space    used 3423K, capacity 3591K, committed 3712K, reserved 1048576K
Event: 10.805 GC heap after
Heap after GC invocations=10 (full 1):
 PSYoungGen      total 137216K, used 11248K [0x00000000eae00000, 0x00000000f5080000, 0x0000000100000000)
  eden space 125952K, 0% used [0x00000000eae00000,0x00000000eae00000,0x00000000f2900000)
  from space 11264K, 99% used [0x00000000f2900000,0x00000000f33fc330,0x00000000f3400000)
  to   space 18432K, 0% used [0x00000000f3e80000,0x00000000f3e80000,0x00000000f5080000)
 ParOldGen       total 42496K, used 31214K [0x00000000c0a00000, 0x00000000c3380000, 0x00000000eae00000)
  object space 42496K, 73% used [0x00000000c0a00000,0x00000000c287b890,0x00000000c3380000)
 Metaspace       used 28778K, capacity 29440K, committed 29824K, reserved 1075200K
  class space    used 3423K, capacity 3591K, committed 3712K, reserved 1048576K
}
Event: 11.511 GC heap before
{Heap before GC invocations=11 (full 1):
 PSYoungGen      total 137216K, used 137200K [0x00000000eae00000, 0x00000000f5080000, 0x0000000100000000)
  eden space 125952K, 100% used [0x00000000eae00000,0x00000000f2900000,0x00000000f2900000)
  from space 11264K, 99% used [0x00000000f2900000,0x00000000f33fc330,0x00000000f3400000)
  to   space 18432K, 0% used [0x00000000f3e80000,0x00000000f3e80000,0x00000000f5080000)
 ParOldGen       total 42496K, used 31214K [0x00000000c0a00000, 0x00000000c3380000, 0x00000000eae00000)
  object space 42496K, 73% used [0x00000000c0a00000,0x00000000c287b890,0x00000000c3380000)
 Metaspace       used 28818K, capacity 29450K, committed 29824K, reserved 1075200K
  class space    used 3427K, capacity 3593K, committed 3712K, reserved 1048576K
Event: 11.557 GC heap after
Heap after GC invocations=11 (full 1):
 PSYoungGen      total 141312K, used 18410K [0x00000000eae00000, 0x00000000f8a00000, 0x0000000100000000)
  eden space 122880K, 0% used [0x00000000eae00000,0x00000000eae00000,0x00000000f2600000)
  from space 18432K, 99% used [0x00000000f3e80000,0x00000000f507aac8,0x00000000f5080000)
  to   space 25088K, 0% used [0x00000000f2600000,0x00000000f2600000,0x00000000f3e80000)
 ParOldGen       total 42496K, used 41250K [0x00000000c0a00000, 0x00000000c3380000, 0x00000000eae00000)
  object space 42496K, 97% used [0x00000000c0a00000,0x00000000c32489f0,0x00000000c3380000)
 Metaspace       used 28818K, capacity 29450K, committed 29824K, reserved 1075200K
  class space    used 3427K, capacity 3593K, committed 3712K, reserved 1048576K
}
Event: 11.557 GC heap before
{Heap before GC invocations=12 (full 2):
 PSYoungGen      total 141312K, used 18410K [0x00000000eae00000, 0x00000000f8a00000, 0x0000000100000000)
  eden space 122880K, 0% used [0x00000000eae00000,0x00000000eae00000,0x00000000f2600000)
  from space 18432K, 99% used [0x00000000f3e80000,0x00000000f507aac8,0x00000000f5080000)
  to   space 25088K, 0% used [0x00000000f2600000,0x00000000f2600000,0x00000000f3e80000)
 ParOldGen       total 42496K, used 41250K [0x00000000c0a00000, 0x00000000c3380000, 0x00000000eae00000)
  object space 42496K, 97% used [0x00000000c0a00000,0x00000000c32489f0,0x00000000c3380000)
 Metaspace       used 28818K, capacity 29450K, committed 29824K, reserved 1075200K
  class space    used 3427K, capacity 3593K, committed 3712K, reserved 1048576K
Event: 11.758 GC heap after
Heap after GC invocations=12 (full 2):
 PSYoungGen      total 141312K, used 9168K [0x00000000eae00000, 0x00000000f8a00000, 0x0000000100000000)
  eden space 122880K, 0% used [0x00000000eae00000,0x00000000eae00000,0x00000000f2600000)
  from space 18432K, 49% used [0x00000000f3e80000,0x00000000f4774198,0x00000000f5080000)
  to   space 25088K, 0% used [0x00000000f2600000,0x00000000f2600000,0x00000000f3e80000)
 ParOldGen       total 42496K, used 42180K [0x00000000c0a00000, 0x00000000c3380000, 0x00000000eae00000)
  object space 42496K, 99% used [0x00000000c0a00000,0x00000000c3331270,0x00000000c3380000)
 Metaspace       used 28818K, capacity 29450K, committed 29824K, reserved 1075200K
  class space    used 3427K, capacity 3593K, committed 3712K, reserved 1048576K
}

