# JRE version: Java(TM) SE Runtime Environment (8.0_191-b12) (build 1.8.0_191-b12)
# Java VM: Java HotSpot(TM) 64-Bit Server VM (25.191-b12 mixed mode windows-amd64 compressed oops)
Heap:
 PSYoungGen      total 130560K, used 59244K [0x00000000eae00000, 0x00000000f7b00000, 0x0000000100000000)
  eden space 113152K, 46% used [0x00000000eae00000,0x00000000ee154558,0x00000000f1c80000)
  from space 17408K, 38% used [0x00000000f3400000,0x00000000f3a86dc0,0x00000000f4500000)
  to   space 24064K, 0% used [0x00000000f1c80000,0x00000000f1c80000,0x00000000f3400000)
 ParOldGen       total 92160K, used 42098K [0x00000000c0a00000, 0x00000000c6400000, 0x00000000eae00000)
  object space 92160K, 45% used [0x00000000c0a00000,0x00000000c331cbc0,0x00000000c6400000)
 Metaspace       used 28803K, capacity 29440K, committed 29824K, reserved 1075200K
  class space    used 3421K, capacity 3591K, committed 3712K, reserved 1048576K
GC Heap History (10 events):
Event: 5.206 GC heap before
{Heap before GC invocations=8 (full 1):
 PSYoungGen      total 72704K, used 7141K [0x00000000eae00000, 0x00000000f3f00000, 0x0000000100000000)
  eden space 65536K, 0% used [0x00000000eae00000,0x00000000eae00000,0x00000000eee00000)
  from space 7168K, 99% used [0x00000000eee00000,0x00000000ef4f97f8,0x00000000ef500000)
  to   space 8704K, 0% used [0x00000000f3680000,0x00000000f3680000,0x00000000f3f00000)
 ParOldGen       total 44032K, used 12828K [0x00000000c0a00000, 0x00000000c3500000, 0x00000000eae00000)
  object space 44032K, 29% used [0x00000000c0a00000,0x00000000c1687340,0x00000000c3500000)
 Metaspace       used 20604K, capacity 21126K, committed 21296K, reserved 1069056K
  class space    used 2492K, capacity 2653K, committed 2688K, reserved 1048576K
Event: 5.330 GC heap after
Heap after GC invocations=8 (full 1):
 PSYoungGen      total 72704K, used 0K [0x00000000eae00000, 0x00000000f3f00000, 0x0000000100000000)
  eden space 65536K, 0% used [0x00000000eae00000,0x00000000eae00000,0x00000000eee00000)
  from space 7168K, 0% used [0x00000000eee00000,0x00000000eee00000,0x00000000ef500000)
  to   space 8704K, 0% used [0x00000000f3680000,0x00000000f3680000,0x00000000f3f00000)
 ParOldGen       total 42496K, used 11470K [0x00000000c0a00000, 0x00000000c3380000, 0x00000000eae00000)
  object space 42496K, 26% used [0x00000000c0a00000,0x00000000c15339a0,0x00000000c3380000)
 Metaspace       used 20604K, capacity 21126K, committed 21296K, reserved 1069056K
  class space    used 2492K, capacity 2653K, committed 2688K, reserved 1048576K
}
Event: 7.104 GC heap before
{Heap before GC invocations=9 (full 1):
 PSYoungGen      total 72704K, used 65536K [0x00000000eae00000, 0x00000000f3f00000, 0x0000000100000000)
  eden space 65536K, 100% used [0x00000000eae00000,0x00000000eee00000,0x00000000eee00000)
  from space 7168K, 0% used [0x00000000eee00000,0x00000000eee00000,0x00000000ef500000)
  to   space 8704K, 0% used [0x00000000f3680000,0x00000000f3680000,0x00000000f3f00000)
 ParOldGen       total 42496K, used 11470K [0x00000000c0a00000, 0x00000000c3380000, 0x00000000eae00000)
  object space 42496K, 26% used [0x00000000c0a00000,0x00000000c15339a0,0x00000000c3380000)
 Metaspace       used 23954K, capacity 24540K, committed 24832K, reserved 1071104K
  class space    used 2884K, capacity 3024K, committed 3072K, reserved 1048576K
Event: 7.131 GC heap after
Heap after GC invocations=9 (full 1):
 PSYoungGen      total 101888K, used 8688K [0x00000000eae00000, 0x00000000f3f00000, 0x0000000100000000)
  eden space 93184K, 0% used [0x00000000eae00000,0x00000000eae00000,0x00000000f0900000)
  from space 8704K, 99% used [0x00000000f3680000,0x00000000f3efc320,0x00000000f3f00000)
  to   space 11264K, 0% used [0x00000000f2900000,0x00000000f2900000,0x00000000f3400000)
 ParOldGen       total 42496K, used 14827K [0x00000000c0a00000, 0x00000000c3380000, 0x00000000eae00000)
  object space 42496K, 34% used [0x00000000c0a00000,0x00000000c187ac30,0x00000000c3380000)
 Metaspace       used 23954K, capacity 24540K, committed 24832K, reserved 1071104K
  class space    used 2884K, capacity 3024K, committed 3072K, reserved 1048576K
}
Event: 9.336 GC heap before
{Heap before GC invocations=10 (full 1):
 PSYoungGen      total 101888K, used 101872K [0x00000000eae00000, 0x00000000f3f00000, 0x0000000100000000)
  eden space 93184K, 100% used [0x00000000eae00000,0x00000000f0900000,0x00000000f0900000)
  from space 8704K, 99% used [0x00000000f3680000,0x00000000f3efc320,0x00000000f3f00000)
  to   space 11264K, 0% used [0x00000000f2900000,0x00000000f2900000,0x00000000f3400000)
 ParOldGen       total 42496K, used 14827K [0x00000000c0a00000, 0x00000000c3380000, 0x00000000eae00000)
  object space 42496K, 34% used [0x00000000c0a00000,0x00000000c187ac30,0x00000000c3380000)
 Metaspace       used 28792K, capacity 29440K, committed 29824K, reserved 1075200K
  class space    used 3421K, capacity 3591K, committed 3712K, reserved 1048576K
Event: 9.398 GC heap after
Heap after GC invocations=10 (full 1):
 PSYoungGen      total 130048K, used 11248K [0x00000000eae00000, 0x00000000f4500000, 0x0000000100000000)
  eden space 118784K, 0% used [0x00000000eae00000,0x00000000eae00000,0x00000000f2200000)
  from space 11264K, 99% used [0x00000000f2900000,0x00000000f33fc310,0x00000000f3400000)
  to   space 17408K, 0% used [0x00000000f3400000,0x00000000f3400000,0x00000000f4500000)
 ParOldGen       total 42496K, used 27595K [0x00000000c0a00000, 0x00000000c3380000, 0x00000000eae00000)
  object space 42496K, 64% used [0x00000000c0a00000,0x00000000c24f2c70,0x00000000c3380000)
 Metaspace       used 28792K, capacity 29440K, committed 29824K, reserved 1075200K
  class space    used 3421K, capacity 3591K, committed 3712K, reserved 1048576K
}
Event: 10.152 GC heap before
{Heap before GC invocations=11 (full 1):
 PSYoungGen      total 130048K, used 130032K [0x00000000eae00000, 0x00000000f4500000, 0x0000000100000000)
  eden space 118784K, 100% used [0x00000000eae00000,0x00000000f2200000,0x00000000f2200000)
  from space 11264K, 99% used [0x00000000f2900000,0x00000000f33fc310,0x00000000f3400000)
  to   space 17408K, 0% used [0x00000000f3400000,0x00000000f3400000,0x00000000f4500000)
 ParOldGen       total 42496K, used 27595K [0x00000000c0a00000, 0x00000000c3380000, 0x00000000eae00000)
  object space 42496K, 64% used [0x00000000c0a00000,0x00000000c24f2c70,0x00000000c3380000)
 Metaspace       used 28803K, capacity 29440K, committed 29824K, reserved 1075200K
  class space    used 3421K, capacity 3591K, committed 3712K, reserved 1048576K
Event: 10.219 GC heap after
Heap after GC invocations=11 (full 1):
 PSYoungGen      total 130560K, used 17389K [0x00000000eae00000, 0x00000000f7b00000, 0x0000000100000000)
  eden space 113152K, 0% used [0x00000000eae00000,0x00000000eae00000,0x00000000f1c80000)
  from space 17408K, 99% used [0x00000000f3400000,0x00000000f44fb5a8,0x00000000f4500000)
  to   space 24064K, 0% used [0x00000000f1c80000,0x00000000f1c80000,0x00000000f3400000)
 ParOldGen       total 42496K, used 37588K [0x00000000c0a00000, 0x00000000c3380000, 0x00000000eae00000)
  object space 42496K, 88% used [0x00000000c0a00000,0x00000000c2eb5008,0x00000000c3380000)
 Metaspace       used 28803K, capacity 29440K, committed 29824K, reserved 1075200K
  class space    used 3421K, capacity 3591K, committed 3712K, reserved 1048576K
}
Event: 10.219 GC heap before
{Heap before GC invocations=12 (full 2):
 PSYoungGen      total 130560K, used 17389K [0x00000000eae00000, 0x00000000f7b00000, 0x0000000100000000)
  eden space 113152K, 0% used [0x00000000eae00000,0x00000000eae00000,0x00000000f1c80000)
  from space 17408K, 99% used [0x00000000f3400000,0x00000000f44fb5a8,0x00000000f4500000)
  to   space 24064K, 0% used [0x00000000f1c80000,0x00000000f1c80000,0x00000000f3400000)
 ParOldGen       total 42496K, used 37588K [0x00000000c0a00000, 0x00000000c3380000, 0x00000000eae00000)
  object space 42496K, 88% used [0x00000000c0a00000,0x00000000c2eb5008,0x00000000c3380000)
 Metaspace       used 28803K, capacity 29440K, committed 29824K, reserved 1075200K
  class space    used 3421K, capacity 3591K, committed 3712K, reserved 1048576K
Event: 10.421 GC heap after
Heap after GC invocations=12 (full 2):
 PSYoungGen      total 130560K, used 6683K [0x00000000eae00000, 0x00000000f7b00000, 0x0000000100000000)
  eden space 113152K, 0% used [0x00000000eae00000,0x00000000eae00000,0x00000000f1c80000)
  from space 17408K, 38% used [0x00000000f3400000,0x00000000f3a86dc0,0x00000000f4500000)
  to   space 24064K, 0% used [0x00000000f1c80000,0x00000000f1c80000,0x00000000f3400000)
 ParOldGen       total 92160K, used 42098K [0x00000000c0a00000, 0x00000000c6400000, 0x00000000eae00000)
  object space 92160K, 45% used [0x00000000c0a00000,0x00000000c331cbc0,0x00000000c6400000)
 Metaspace       used 28803K, capacity 29440K, committed 29824K, reserved 1075200K
  class space    used 3421K, capacity 3591K, committed 3712K, reserved 1048576K
}

