# JRE version: Java(TM) SE Runtime Environment (8.0_191-b12) (build 1.8.0_191-b12)
# Java VM: Java HotSpot(TM) 64-Bit Server VM (25.191-b12 mixed mode windows-amd64 compressed oops)
Heap:
 PSYoungGen      total 177152K, used 73817K [0x00000000eae00000, 0x00000000f8180000, 0x0000000100000000)
  eden space 146944K, 31% used [0x00000000eae00000,0x00000000edb92188,0x00000000f3d80000)
  from space 30208K, 89% used [0x00000000f3d80000,0x00000000f58043a8,0x00000000f5b00000)
  to   space 27136K, 0% used [0x00000000f5b00000,0x00000000f5b00000,0x00000000f7580000)
 ParOldGen       total 93184K, used 45917K [0x00000000c0a00000, 0x00000000c6500000, 0x00000000eae00000)
  object space 93184K, 49% used [0x00000000c0a00000,0x00000000c36d7568,0x00000000c6500000)
 Metaspace       used 30498K, capacity 31220K, committed 31488K, reserved 1077248K
  class space    used 3616K, capacity 3822K, committed 3840K, reserved 1048576K
GC Heap History (10 events):
Event: 8.772 GC heap before
{Heap before GC invocations=11 (full 1):
 PSYoungGen      total 136704K, used 136695K [0x00000000eae00000, 0x00000000f4c80000, 0x0000000100000000)
  eden space 125440K, 100% used [0x00000000eae00000,0x00000000f2880000,0x00000000f2880000)
  from space 11264K, 99% used [0x00000000f2900000,0x00000000f33fdea8,0x00000000f3400000)
  to   space 18432K, 0% used [0x00000000f3a80000,0x00000000f3a80000,0x00000000f4c80000)
 ParOldGen       total 41472K, used 28589K [0x00000000c0a00000, 0x00000000c3280000, 0x00000000eae00000)
  object space 41472K, 68% used [0x00000000c0a00000,0x00000000c25eb710,0x00000000c3280000)
 Metaspace       used 28771K, capacity 29376K, committed 29568K, reserved 1075200K
  class space    used 3423K, capacity 3591K, committed 3712K, reserved 1048576K
Event: 8.816 GC heap after
Heap after GC invocations=11 (full 1):
 PSYoungGen      total 137728K, used 18404K [0x00000000eae00000, 0x00000000f8580000, 0x0000000100000000)
  eden space 119296K, 0% used [0x00000000eae00000,0x00000000eae00000,0x00000000f2280000)
  from space 18432K, 99% used [0x00000000f3a80000,0x00000000f4c79130,0x00000000f4c80000)
  to   space 24576K, 0% used [0x00000000f2280000,0x00000000f2280000,0x00000000f3a80000)
 ParOldGen       total 41472K, used 38176K [0x00000000c0a00000, 0x00000000c3280000, 0x00000000eae00000)
  object space 41472K, 92% used [0x00000000c0a00000,0x00000000c2f483c0,0x00000000c3280000)
 Metaspace       used 28771K, capacity 29376K, committed 29568K, reserved 1075200K
  class space    used 3423K, capacity 3591K, committed 3712K, reserved 1048576K
}
Event: 8.816 GC heap before
{Heap before GC invocations=12 (full 2):
 PSYoungGen      total 137728K, used 18404K [0x00000000eae00000, 0x00000000f8580000, 0x0000000100000000)
  eden space 119296K, 0% used [0x00000000eae00000,0x00000000eae00000,0x00000000f2280000)
  from space 18432K, 99% used [0x00000000f3a80000,0x00000000f4c79130,0x00000000f4c80000)
  to   space 24576K, 0% used [0x00000000f2280000,0x00000000f2280000,0x00000000f3a80000)
 ParOldGen       total 41472K, used 38176K [0x00000000c0a00000, 0x00000000c3280000, 0x00000000eae00000)
  object space 41472K, 92% used [0x00000000c0a00000,0x00000000c2f483c0,0x00000000c3280000)
 Metaspace       used 28771K, capacity 29376K, committed 29568K, reserved 1075200K
  class space    used 3423K, capacity 3591K, committed 3712K, reserved 1048576K
Event: 9.054 GC heap after
Heap after GC invocations=12 (full 2):
 PSYoungGen      total 137728K, used 8592K [0x00000000eae00000, 0x00000000f8580000, 0x0000000100000000)
  eden space 119296K, 0% used [0x00000000eae00000,0x00000000eae00000,0x00000000f2280000)
  from space 18432K, 46% used [0x00000000f3a80000,0x00000000f42e4210,0x00000000f4c80000)
  to   space 24576K, 0% used [0x00000000f2280000,0x00000000f2280000,0x00000000f3a80000)
 ParOldGen       total 93184K, used 41278K [0x00000000c0a00000, 0x00000000c6500000, 0x00000000eae00000)
  object space 93184K, 44% used [0x00000000c0a00000,0x00000000c324fbe0,0x00000000c6500000)
 Metaspace       used 28771K, capacity 29376K, committed 29568K, reserved 1075200K
  class space    used 3423K, capacity 3591K, committed 3712K, reserved 1048576K
}
Event: 9.976 GC heap before
{Heap before GC invocations=13 (full 2):
 PSYoungGen      total 137728K, used 127888K [0x00000000eae00000, 0x00000000f8580000, 0x0000000100000000)
  eden space 119296K, 100% used [0x00000000eae00000,0x00000000f2280000,0x00000000f2280000)
  from space 18432K, 46% used [0x00000000f3a80000,0x00000000f42e4210,0x00000000f4c80000)
  to   space 24576K, 0% used [0x00000000f2280000,0x00000000f2280000,0x00000000f3a80000)
 ParOldGen       total 93184K, used 41278K [0x00000000c0a00000, 0x00000000c6500000, 0x00000000eae00000)
  object space 93184K, 44% used [0x00000000c0a00000,0x00000000c324fbe0,0x00000000c6500000)
 Metaspace       used 28773K, capacity 29376K, committed 29568K, reserved 1075200K
  class space    used 3423K, capacity 3591K, committed 3712K, reserved 1048576K
Event: 10.018 GC heap after
Heap after GC invocations=13 (full 2):
 PSYoungGen      total 143872K, used 20638K [0x00000000eae00000, 0x00000000f7580000, 0x0000000100000000)
  eden space 119296K, 0% used [0x00000000eae00000,0x00000000eae00000,0x00000000f2280000)
  from space 24576K, 83% used [0x00000000f2280000,0x00000000f36a7940,0x00000000f3a80000)
  to   space 27136K, 0% used [0x00000000f5b00000,0x00000000f5b00000,0x00000000f7580000)
 ParOldGen       total 93184K, used 43325K [0x00000000c0a00000, 0x00000000c6500000, 0x00000000eae00000)
  object space 93184K, 46% used [0x00000000c0a00000,0x00000000c344f568,0x00000000c6500000)
 Metaspace       used 28773K, capacity 29376K, committed 29568K, reserved 1075200K
  class space    used 3423K, capacity 3591K, committed 3712K, reserved 1048576K
}
Event: 10.598 GC heap before
{Heap before GC invocations=14 (full 2):
 PSYoungGen      total 143872K, used 139934K [0x00000000eae00000, 0x00000000f7580000, 0x0000000100000000)
  eden space 119296K, 100% used [0x00000000eae00000,0x00000000f2280000,0x00000000f2280000)
  from space 24576K, 83% used [0x00000000f2280000,0x00000000f36a7940,0x00000000f3a80000)
  to   space 27136K, 0% used [0x00000000f5b00000,0x00000000f5b00000,0x00000000f7580000)
 ParOldGen       total 93184K, used 43325K [0x00000000c0a00000, 0x00000000c6500000, 0x00000000eae00000)
  object space 93184K, 46% used [0x00000000c0a00000,0x00000000c344f568,0x00000000c6500000)
 Metaspace       used 28802K, capacity 29386K, committed 29568K, reserved 1075200K
  class space    used 3427K, capacity 3593K, committed 3712K, reserved 1048576K
Event: 10.648 GC heap after
Heap after GC invocations=14 (full 2):
 PSYoungGen      total 174080K, used 23890K [0x00000000eae00000, 0x00000000f8180000, 0x0000000100000000)
  eden space 146944K, 0% used [0x00000000eae00000,0x00000000eae00000,0x00000000f3d80000)
  from space 27136K, 88% used [0x00000000f5b00000,0x00000000f72548e8,0x00000000f7580000)
  to   space 30208K, 0% used [0x00000000f3d80000,0x00000000f3d80000,0x00000000f5b00000)
 ParOldGen       total 93184K, used 43325K [0x00000000c0a00000, 0x00000000c6500000, 0x00000000eae00000)
  object space 93184K, 46% used [0x00000000c0a00000,0x00000000c344f568,0x00000000c6500000)
 Metaspace       used 28802K, capacity 29386K, committed 29568K, reserved 1075200K
  class space    used 3427K, capacity 3593K, committed 3712K, reserved 1048576K
}
Event: 12.196 GC heap before
{Heap before GC invocations=15 (full 2):
 PSYoungGen      total 174080K, used 170834K [0x00000000eae00000, 0x00000000f8180000, 0x0000000100000000)
  eden space 146944K, 100% used [0x00000000eae00000,0x00000000f3d80000,0x00000000f3d80000)
  from space 27136K, 88% used [0x00000000f5b00000,0x00000000f72548e8,0x00000000f7580000)
  to   space 30208K, 0% used [0x00000000f3d80000,0x00000000f3d80000,0x00000000f5b00000)
 ParOldGen       total 93184K, used 43325K [0x00000000c0a00000, 0x00000000c6500000, 0x00000000eae00000)
  object space 93184K, 46% used [0x00000000c0a00000,0x00000000c344f568,0x00000000c6500000)
 Metaspace       used 28803K, capacity 29386K, committed 29568K, reserved 1075200K
  class space    used 3427K, capacity 3593K, committed 3712K, reserved 1048576K
Event: 12.253 GC heap after
Heap after GC invocations=15 (full 2):
 PSYoungGen      total 177152K, used 27152K [0x00000000eae00000, 0x00000000f8180000, 0x0000000100000000)
  eden space 146944K, 0% used [0x00000000eae00000,0x00000000eae00000,0x00000000f3d80000)
  from space 30208K, 89% used [0x00000000f3d80000,0x00000000f58043a8,0x00000000f5b00000)
  to   space 27136K, 0% used [0x00000000f5b00000,0x00000000f5b00000,0x00000000f7580000)
 ParOldGen       total 93184K, used 45917K [0x00000000c0a00000, 0x00000000c6500000, 0x00000000eae00000)
  object space 93184K, 49% used [0x00000000c0a00000,0x00000000c36d7568,0x00000000c6500000)
 Metaspace       used 28803K, capacity 29386K, committed 29568K, reserved 1075200K
  class space    used 3427K, capacity 3593K, committed 3712K, reserved 1048576K
}

